

Started GET "/" for 127.0.0.1 at 2015-02-03 12:18:16 +0200

ActiveRecord::PendingMigrationError - 

Migrations are pending. To resolve this issue, run:

	bin/rake db:migrate RAILS_ENV=development

:
  activerecord (4.1.5) lib/active_record/migration.rb:389:in `check_pending!'
  activerecord (4.1.5) lib/active_record/migration.rb:377:in `call'
  actionpack (4.1.5) lib/action_dispatch/middleware/callbacks.rb:29:in `block in call'
  activesupport (4.1.5) lib/active_support/callbacks.rb:82:in `run_callbacks'
  actionpack (4.1.5) lib/action_dispatch/middleware/callbacks.rb:27:in `call'
  actionpack (4.1.5) lib/action_dispatch/middleware/reloader.rb:73:in `call'
  actionpack (4.1.5) lib/action_dispatch/middleware/remote_ip.rb:76:in `call'
  better_errors (2.0.0) lib/better_errors/middleware.rb:84:in `protected_app_call'
  better_errors (2.0.0) lib/better_errors/middleware.rb:79:in `better_errors_call'
  better_errors (2.0.0) lib/better_errors/middleware.rb:57:in `call'
  web-console (2.0.0) lib/action_dispatch/debug_exceptions.rb:18:in `middleware_call'
  web-console (2.0.0) lib/action_dispatch/debug_exceptions.rb:13:in `call'
  actionpack (4.1.5) lib/action_dispatch/middleware/show_exceptions.rb:30:in `call'
  railties (4.1.5) lib/rails/rack/logger.rb:38:in `call_app'
  railties (4.1.5) lib/rails/rack/logger.rb:20:in `block in call'
  activesupport (4.1.5) lib/active_support/tagged_logging.rb:68:in `block in tagged'
  activesupport (4.1.5) lib/active_support/tagged_logging.rb:26:in `tagged'
  activesupport (4.1.5) lib/active_support/tagged_logging.rb:68:in `tagged'
  railties (4.1.5) lib/rails/rack/logger.rb:20:in `call'
  actionpack (4.1.5) lib/action_dispatch/middleware/request_id.rb:21:in `call'
  rack (1.5.2) lib/rack/methodoverride.rb:21:in `call'
  rack (1.5.2) lib/rack/runtime.rb:17:in `call'
  activesupport (4.1.5) lib/active_support/cache/strategy/local_cache_middleware.rb:26:in `call'
  rack (1.5.2) lib/rack/lock.rb:17:in `call'
  actionpack (4.1.5) lib/action_dispatch/middleware/static.rb:64:in `call'
  rack (1.5.2) lib/rack/sendfile.rb:112:in `call'
  railties (4.1.5) lib/rails/engine.rb:514:in `call'
  railties (4.1.5) lib/rails/application.rb:144:in `call'
  rack (1.5.2) lib/rack/lock.rb:17:in `call'
  rack (1.5.2) lib/rack/content_length.rb:14:in `call'
  rack (1.5.2) lib/rack/handler/webrick.rb:60:in `service'
  /usr/lib/ruby/2.2.0/webrick/httpserver.rb:138:in `service'
  /usr/lib/ruby/2.2.0/webrick/httpserver.rb:94:in `run'
  /usr/lib/ruby/2.2.0/webrick/server.rb:294:in `block in start_thread'



Started POST "/__better_errors/737364fd306bab80/variables" for 127.0.0.1 at 2015-02-03 12:18:17 +0200


Started GET "/breweries" for 127.0.0.1 at 2015-02-03 12:18:25 +0200

ActiveRecord::PendingMigrationError - 

Migrations are pending. To resolve this issue, run:

	bin/rake db:migrate RAILS_ENV=development

:
  activerecord (4.1.5) lib/active_record/migration.rb:389:in `check_pending!'
  activerecord (4.1.5) lib/active_record/migration.rb:377:in `call'
  actionpack (4.1.5) lib/action_dispatch/middleware/callbacks.rb:29:in `block in call'
  activesupport (4.1.5) lib/active_support/callbacks.rb:82:in `run_callbacks'
  actionpack (4.1.5) lib/action_dispatch/middleware/callbacks.rb:27:in `call'
  actionpack (4.1.5) lib/action_dispatch/middleware/reloader.rb:73:in `call'
  actionpack (4.1.5) lib/action_dispatch/middleware/remote_ip.rb:76:in `call'
  better_errors (2.0.0) lib/better_errors/middleware.rb:84:in `protected_app_call'
  better_errors (2.0.0) lib/better_errors/middleware.rb:79:in `better_errors_call'
  better_errors (2.0.0) lib/better_errors/middleware.rb:57:in `call'
  web-console (2.0.0) lib/action_dispatch/debug_exceptions.rb:18:in `middleware_call'
  web-console (2.0.0) lib/action_dispatch/debug_exceptions.rb:13:in `call'
  actionpack (4.1.5) lib/action_dispatch/middleware/show_exceptions.rb:30:in `call'
  railties (4.1.5) lib/rails/rack/logger.rb:38:in `call_app'
  railties (4.1.5) lib/rails/rack/logger.rb:20:in `block in call'
  activesupport (4.1.5) lib/active_support/tagged_logging.rb:68:in `block in tagged'
  activesupport (4.1.5) lib/active_support/tagged_logging.rb:26:in `tagged'
  activesupport (4.1.5) lib/active_support/tagged_logging.rb:68:in `tagged'
  railties (4.1.5) lib/rails/rack/logger.rb:20:in `call'
  actionpack (4.1.5) lib/action_dispatch/middleware/request_id.rb:21:in `call'
  rack (1.5.2) lib/rack/methodoverride.rb:21:in `call'
  rack (1.5.2) lib/rack/runtime.rb:17:in `call'
  activesupport (4.1.5) lib/active_support/cache/strategy/local_cache_middleware.rb:26:in `call'
  rack (1.5.2) lib/rack/lock.rb:17:in `call'
  actionpack (4.1.5) lib/action_dispatch/middleware/static.rb:64:in `call'
  rack (1.5.2) lib/rack/sendfile.rb:112:in `call'
  railties (4.1.5) lib/rails/engine.rb:514:in `call'
  railties (4.1.5) lib/rails/application.rb:144:in `call'
  rack (1.5.2) lib/rack/lock.rb:17:in `call'
  rack (1.5.2) lib/rack/content_length.rb:14:in `call'
  rack (1.5.2) lib/rack/handler/webrick.rb:60:in `service'
  /usr/lib/ruby/2.2.0/webrick/httpserver.rb:138:in `service'
  /usr/lib/ruby/2.2.0/webrick/httpserver.rb:94:in `run'
  /usr/lib/ruby/2.2.0/webrick/server.rb:294:in `block in start_thread'



Started POST "/__better_errors/1c6bb1fba7155536/variables" for 127.0.0.1 at 2015-02-03 12:18:25 +0200
  [1m[36m (178.6ms)[0m  [1mCREATE TABLE "schema_migrations" ("version" varchar(255) NOT NULL) [0m
  [1m[35m (0.2ms)[0m  select sqlite_version(*)
  [1m[36m (197.5ms)[0m  [1mCREATE UNIQUE INDEX "unique_schema_migrations" ON "schema_migrations" ("version")[0m
  [1m[35mActiveRecord::SchemaMigration Load (0.3ms)[0m  SELECT "schema_migrations".* FROM "schema_migrations"
Migrating to CreateBreweries (20150111131426)
  [1m[36m (0.1ms)[0m  [1mbegin transaction[0m
  [1m[35m (0.7ms)[0m  CREATE TABLE "breweries" ("id" INTEGER PRIMARY KEY AUTOINCREMENT NOT NULL, "name" varchar(255), "year" integer, "created_at" datetime, "updated_at" datetime) 
  [1m[36mSQL (0.3ms)[0m  [1mINSERT INTO "schema_migrations" ("version") VALUES (?)[0m  [["version", "20150111131426"]]
  [1m[35m (272.3ms)[0m  commit transaction
Migrating to CreateBeers (20150111134847)
  [1m[36m (0.2ms)[0m  [1mbegin transaction[0m
  [1m[35m (0.5ms)[0m  CREATE TABLE "beers" ("id" INTEGER PRIMARY KEY AUTOINCREMENT NOT NULL, "name" varchar(255), "style" varchar(255), "brewery_id" integer, "created_at" datetime, "updated_at" datetime) 
  [1m[36mSQL (0.2ms)[0m  [1mINSERT INTO "schema_migrations" ("version") VALUES (?)[0m  [["version", "20150111134847"]]
  [1m[35m (226.9ms)[0m  commit transaction
Migrating to CreateRatings (20150117130414)
  [1m[36m (0.2ms)[0m  [1mbegin transaction[0m
  [1m[35m (0.8ms)[0m  CREATE TABLE "ratings" ("id" INTEGER PRIMARY KEY AUTOINCREMENT NOT NULL, "score" integer, "beer_id" integer, "created_at" datetime, "updated_at" datetime) 
  [1m[36mSQL (0.3ms)[0m  [1mINSERT INTO "schema_migrations" ("version") VALUES (?)[0m  [["version", "20150117130414"]]
  [1m[35m (1182.8ms)[0m  commit transaction
Migrating to CreateUsers (20150124134722)
  [1m[36m (0.2ms)[0m  [1mbegin transaction[0m
  [1m[35m (0.8ms)[0m  CREATE TABLE "users" ("id" INTEGER PRIMARY KEY AUTOINCREMENT NOT NULL, "username" varchar(255), "created_at" datetime, "updated_at" datetime) 
  [1m[36mSQL (0.4ms)[0m  [1mINSERT INTO "schema_migrations" ("version") VALUES (?)[0m  [["version", "20150124134722"]]
  [1m[35m (193.3ms)[0m  commit transaction
Migrating to AddUserIdToRatings (20150124163252)
  [1m[36m (0.1ms)[0m  [1mbegin transaction[0m
  [1m[35m (0.6ms)[0m  ALTER TABLE "ratings" ADD "user_id" integer
  [1m[36mSQL (0.5ms)[0m  [1mINSERT INTO "schema_migrations" ("version") VALUES (?)[0m  [["version", "20150124163252"]]
  [1m[35m (192.9ms)[0m  commit transaction
Migrating to CreateBeerClubs (20150124173936)
  [1m[36m (0.1ms)[0m  [1mbegin transaction[0m
  [1m[35m (0.5ms)[0m  CREATE TABLE "beer_clubs" ("id" INTEGER PRIMARY KEY AUTOINCREMENT NOT NULL, "name" varchar(255), "founded" integer, "city" varchar(255), "created_at" datetime, "updated_at" datetime) 
  [1m[36mSQL (0.2ms)[0m  [1mINSERT INTO "schema_migrations" ("version") VALUES (?)[0m  [["version", "20150124173936"]]
  [1m[35m (326.9ms)[0m  commit transaction
Migrating to CreateMemberships (20150124174027)
  [1m[36m (0.2ms)[0m  [1mbegin transaction[0m
  [1m[35m (0.8ms)[0m  CREATE TABLE "memberships" ("id" INTEGER PRIMARY KEY AUTOINCREMENT NOT NULL, "user_id" integer, "beer_club_id" integer, "created_at" datetime, "updated_at" datetime) 
  [1m[36mSQL (0.4ms)[0m  [1mINSERT INTO "schema_migrations" ("version") VALUES (?)[0m  [["version", "20150124174027"]]
  [1m[35m (348.2ms)[0m  commit transaction
Migrating to AddPasswordDigestToUser (20150124182443)
  [1m[36m (0.1ms)[0m  [1mbegin transaction[0m
  [1m[35m (0.6ms)[0m  ALTER TABLE "users" ADD "password_digest" varchar(255)
  [1m[36mSQL (0.3ms)[0m  [1mINSERT INTO "schema_migrations" ("version") VALUES (?)[0m  [["version", "20150124182443"]]
  [1m[35m (183.7ms)[0m  commit transaction
  [1m[36mActiveRecord::SchemaMigration Load (0.2ms)[0m  [1mSELECT "schema_migrations".* FROM "schema_migrations"[0m


Started GET "/breweries" for 127.0.0.1 at 2015-02-03 12:19:00 +0200
  [1m[36mActiveRecord::SchemaMigration Load (0.3ms)[0m  [1mSELECT "schema_migrations".* FROM "schema_migrations"[0m
Processing by BreweriesController#index as HTML
  [1m[35m (0.2ms)[0m  SELECT COUNT(*) FROM "breweries"
  [1m[36mBrewery Load (0.2ms)[0m  [1mSELECT "breweries".* FROM "breweries"[0m
  Rendered breweries/index.html.erb within layouts/application (10.2ms)
Completed 200 OK in 5254ms (Views: 5130.6ms | ActiveRecord: 1.5ms)


Started GET "/assets/beer_clubs.css?body=1" for 127.0.0.1 at 2015-02-03 12:19:05 +0200


Started GET "/assets/beers.css?body=1" for 127.0.0.1 at 2015-02-03 12:19:05 +0200


Started GET "/assets/breweries.css?body=1" for 127.0.0.1 at 2015-02-03 12:19:05 +0200


Started GET "/assets/memberships.css?body=1" for 127.0.0.1 at 2015-02-03 12:19:05 +0200


Started GET "/assets/scaffolds.css?body=1" for 127.0.0.1 at 2015-02-03 12:19:05 +0200


Started GET "/assets/users.css?body=1" for 127.0.0.1 at 2015-02-03 12:19:05 +0200


Started GET "/assets/application.css?body=1" for 127.0.0.1 at 2015-02-03 12:19:05 +0200


Started GET "/assets/jquery.js?body=1" for 127.0.0.1 at 2015-02-03 12:19:05 +0200


Started GET "/assets/jquery_ujs.js?body=1" for 127.0.0.1 at 2015-02-03 12:19:05 +0200


Started GET "/assets/turbolinks.js?body=1" for 127.0.0.1 at 2015-02-03 12:19:05 +0200


Started GET "/assets/beer_clubs.js?body=1" for 127.0.0.1 at 2015-02-03 12:19:05 +0200


Started GET "/assets/beers.js?body=1" for 127.0.0.1 at 2015-02-03 12:19:05 +0200


Started GET "/assets/breweries.js?body=1" for 127.0.0.1 at 2015-02-03 12:19:05 +0200


Started GET "/assets/memberships.js?body=1" for 127.0.0.1 at 2015-02-03 12:19:05 +0200


Started GET "/assets/application.js?body=1" for 127.0.0.1 at 2015-02-03 12:19:05 +0200


Started GET "/assets/users.js?body=1" for 127.0.0.1 at 2015-02-03 12:19:05 +0200
  [1m[36mActiveRecord::SchemaMigration Load (0.4ms)[0m  [1mSELECT "schema_migrations".* FROM "schema_migrations"[0m
  [1m[35m (0.2ms)[0m  begin transaction
  [1m[36mSQL (0.6ms)[0m  [1mINSERT INTO "breweries" ("created_at", "name", "updated_at", "year") VALUES (?, ?, ?, ?)[0m  [["created_at", "2015-02-03 10:19:17.832063"], ["name", "Koff"], ["updated_at", "2015-02-03 10:19:17.832063"], ["year", 1897]]
  [1m[35m (284.4ms)[0m  commit transaction
  [1m[36m (0.1ms)[0m  [1mbegin transaction[0m
  [1m[35mSQL (0.3ms)[0m  INSERT INTO "breweries" ("created_at", "name", "updated_at", "year") VALUES (?, ?, ?, ?)  [["created_at", "2015-02-03 10:19:18.155288"], ["name", "Malmgard"], ["updated_at", "2015-02-03 10:19:18.155288"], ["year", 2001]]
  [1m[36m (338.4ms)[0m  [1mcommit transaction[0m
  [1m[35m (0.1ms)[0m  begin transaction
  [1m[36mSQL (0.3ms)[0m  [1mINSERT INTO "breweries" ("created_at", "name", "updated_at", "year") VALUES (?, ?, ?, ?)[0m  [["created_at", "2015-02-03 10:19:18.496540"], ["name", "Weihenstephaner"], ["updated_at", "2015-02-03 10:19:18.496540"], ["year", 1042]]
  [1m[35m (363.3ms)[0m  commit transaction
  [1m[36m (0.3ms)[0m  [1mbegin transaction[0m
  [1m[35mSQL (0.7ms)[0m  INSERT INTO "beers" ("brewery_id", "created_at", "name", "style", "updated_at") VALUES (?, ?, ?, ?, ?)  [["brewery_id", 1], ["created_at", "2015-02-03 10:19:38.601562"], ["name", "Iso 3"], ["style", "Lager"], ["updated_at", "2015-02-03 10:19:38.601562"]]
  [1m[36m (482.6ms)[0m  [1mcommit transaction[0m
  [1m[35m (0.3ms)[0m  begin transaction
  [1m[36mSQL (0.7ms)[0m  [1mINSERT INTO "beers" ("brewery_id", "created_at", "name", "style", "updated_at") VALUES (?, ?, ?, ?, ?)[0m  [["brewery_id", 1], ["created_at", "2015-02-03 10:19:39.099687"], ["name", "Karhu"], ["style", "Lager"], ["updated_at", "2015-02-03 10:19:39.099687"]]
  [1m[35m (226.8ms)[0m  commit transaction
  [1m[36m (0.3ms)[0m  [1mbegin transaction[0m
  [1m[35mSQL (0.7ms)[0m  INSERT INTO "beers" ("brewery_id", "created_at", "name", "style", "updated_at") VALUES (?, ?, ?, ?, ?)  [["brewery_id", 1], ["created_at", "2015-02-03 10:19:39.341505"], ["name", "Tuplahumala"], ["style", "Lager"], ["updated_at", "2015-02-03 10:19:39.341505"]]
  [1m[36m (184.7ms)[0m  [1mcommit transaction[0m
  [1m[35m (0.3ms)[0m  begin transaction
  [1m[36mSQL (0.6ms)[0m  [1mINSERT INTO "beers" ("brewery_id", "created_at", "name", "style", "updated_at") VALUES (?, ?, ?, ?, ?)[0m  [["brewery_id", 2], ["created_at", "2015-02-03 10:19:39.549396"], ["name", "Huvila Pale Ale"], ["style", "Pale Ale"], ["updated_at", "2015-02-03 10:19:39.549396"]]
  [1m[35m (219.9ms)[0m  commit transaction
  [1m[36m (0.3ms)[0m  [1mbegin transaction[0m
  [1m[35mSQL (0.6ms)[0m  INSERT INTO "beers" ("brewery_id", "created_at", "name", "style", "updated_at") VALUES (?, ?, ?, ?, ?)  [["brewery_id", 2], ["created_at", "2015-02-03 10:19:39.782701"], ["name", "X Porter"], ["style", "Porter"], ["updated_at", "2015-02-03 10:19:39.782701"]]
  [1m[36m (262.5ms)[0m  [1mcommit transaction[0m
  [1m[35m (0.5ms)[0m  begin transaction
  [1m[36mSQL (0.6ms)[0m  [1mINSERT INTO "beers" ("brewery_id", "created_at", "name", "style", "updated_at") VALUES (?, ?, ?, ?, ?)[0m  [["brewery_id", 3], ["created_at", "2015-02-03 10:19:40.064577"], ["name", "Hefezeizen"], ["style", "Weizen"], ["updated_at", "2015-02-03 10:19:40.064577"]]
  [1m[35m (288.3ms)[0m  commit transaction
  [1m[36m (0.3ms)[0m  [1mbegin transaction[0m
  [1m[35mSQL (0.6ms)[0m  INSERT INTO "beers" ("brewery_id", "created_at", "name", "style", "updated_at") VALUES (?, ?, ?, ?, ?)  [["brewery_id", 3], ["created_at", "2015-02-03 10:19:40.366903"], ["name", "Helles"], ["style", "Lager"], ["updated_at", "2015-02-03 10:19:40.366903"]]
  [1m[36m (240.4ms)[0m  [1mcommit transaction[0m


Started GET "/breweries" for 127.0.0.1 at 2015-02-03 12:19:50 +0200
  [1m[36mActiveRecord::SchemaMigration Load (0.3ms)[0m  [1mSELECT "schema_migrations".* FROM "schema_migrations"[0m
Processing by BreweriesController#index as HTML
  [1m[35m (0.2ms)[0m  SELECT COUNT(*) FROM "breweries"
  [1m[36mBrewery Load (0.4ms)[0m  [1mSELECT "breweries".* FROM "breweries"[0m
  Rendered breweries/index.html.erb within layouts/application (43.9ms)
Completed 200 OK in 443ms (Views: 396.0ms | ActiveRecord: 1.4ms)


Started GET "/assets/beer_clubs.css?body=1" for 127.0.0.1 at 2015-02-03 12:19:51 +0200


Started GET "/assets/beers.css?body=1" for 127.0.0.1 at 2015-02-03 12:19:51 +0200


Started GET "/assets/breweries.css?body=1" for 127.0.0.1 at 2015-02-03 12:19:51 +0200


Started GET "/assets/memberships.css?body=1" for 127.0.0.1 at 2015-02-03 12:19:51 +0200


Started GET "/assets/scaffolds.css?body=1" for 127.0.0.1 at 2015-02-03 12:19:51 +0200


Started GET "/assets/users.css?body=1" for 127.0.0.1 at 2015-02-03 12:19:51 +0200


Started GET "/assets/application.css?body=1" for 127.0.0.1 at 2015-02-03 12:19:51 +0200


Started GET "/assets/turbolinks.js?body=1" for 127.0.0.1 at 2015-02-03 12:19:51 +0200


Started GET "/assets/jquery.js?body=1" for 127.0.0.1 at 2015-02-03 12:19:51 +0200


Started GET "/assets/jquery_ujs.js?body=1" for 127.0.0.1 at 2015-02-03 12:19:51 +0200


Started GET "/assets/beer_clubs.js?body=1" for 127.0.0.1 at 2015-02-03 12:19:51 +0200


Started GET "/assets/beers.js?body=1" for 127.0.0.1 at 2015-02-03 12:19:51 +0200


Started GET "/assets/memberships.js?body=1" for 127.0.0.1 at 2015-02-03 12:19:51 +0200


Started GET "/assets/breweries.js?body=1" for 127.0.0.1 at 2015-02-03 12:19:51 +0200


Started GET "/assets/users.js?body=1" for 127.0.0.1 at 2015-02-03 12:19:51 +0200


Started GET "/assets/application.js?body=1" for 127.0.0.1 at 2015-02-03 12:19:51 +0200


Started GET "/breweries" for 127.0.0.1 at 2015-02-03 12:26:01 +0200
Processing by BreweriesController#index as HTML
  [1m[35m (0.2ms)[0m  SELECT COUNT(*) FROM "breweries"
  [1m[36mBrewery Load (0.2ms)[0m  [1mSELECT "breweries".* FROM "breweries"[0m
  Rendered breweries/index.html.erb within layouts/application (4.4ms)
Completed 200 OK in 165ms (Views: 162.8ms | ActiveRecord: 0.5ms)


Started GET "/assets/beers.css?body=1" for 127.0.0.1 at 2015-02-03 12:26:02 +0200


Started GET "/assets/beer_clubs.css?body=1" for 127.0.0.1 at 2015-02-03 12:26:02 +0200


Started GET "/assets/breweries.css?body=1" for 127.0.0.1 at 2015-02-03 12:26:02 +0200


Started GET "/assets/scaffolds.css?body=1" for 127.0.0.1 at 2015-02-03 12:26:02 +0200


Started GET "/assets/memberships.css?body=1" for 127.0.0.1 at 2015-02-03 12:26:02 +0200


Started GET "/assets/users.css?body=1" for 127.0.0.1 at 2015-02-03 12:26:02 +0200


Started GET "/assets/application.css?body=1" for 127.0.0.1 at 2015-02-03 12:26:02 +0200


Started GET "/assets/jquery_ujs.js?body=1" for 127.0.0.1 at 2015-02-03 12:26:02 +0200


Started GET "/assets/jquery.js?body=1" for 127.0.0.1 at 2015-02-03 12:26:02 +0200


Started GET "/assets/beer_clubs.js?body=1" for 127.0.0.1 at 2015-02-03 12:26:02 +0200


Started GET "/assets/beers.js?body=1" for 127.0.0.1 at 2015-02-03 12:26:02 +0200


Started GET "/assets/turbolinks.js?body=1" for 127.0.0.1 at 2015-02-03 12:26:02 +0200


Started GET "/assets/breweries.js?body=1" for 127.0.0.1 at 2015-02-03 12:26:02 +0200


Started GET "/assets/memberships.js?body=1" for 127.0.0.1 at 2015-02-03 12:26:02 +0200


Started GET "/assets/users.js?body=1" for 127.0.0.1 at 2015-02-03 12:26:02 +0200


Started GET "/assets/application.js?body=1" for 127.0.0.1 at 2015-02-03 12:26:02 +0200


Started GET "/beers" for 127.0.0.1 at 2015-02-03 12:26:05 +0200
Processing by BeersController#index as HTML
  [1m[35mBeer Load (0.4ms)[0m  SELECT "beers".* FROM "beers"
  [1m[36mBrewery Load (0.5ms)[0m  [1mSELECT  "breweries".* FROM "breweries"  WHERE "breweries"."id" = ? LIMIT 1[0m  [["id", 1]]
  [1m[35mCACHE (0.0ms)[0m  SELECT  "breweries".* FROM "breweries"  WHERE "breweries"."id" = ? LIMIT 1  [["id", 1]]
  [1m[36mCACHE (0.0ms)[0m  [1mSELECT  "breweries".* FROM "breweries"  WHERE "breweries"."id" = ? LIMIT 1[0m  [["id", 1]]
  [1m[35mBrewery Load (0.3ms)[0m  SELECT  "breweries".* FROM "breweries"  WHERE "breweries"."id" = ? LIMIT 1  [["id", 2]]
  [1m[36mCACHE (0.0ms)[0m  [1mSELECT  "breweries".* FROM "breweries"  WHERE "breweries"."id" = ? LIMIT 1[0m  [["id", 2]]
  [1m[35mBrewery Load (0.4ms)[0m  SELECT  "breweries".* FROM "breweries"  WHERE "breweries"."id" = ? LIMIT 1  [["id", 3]]
  [1m[36mCACHE (0.0ms)[0m  [1mSELECT  "breweries".* FROM "breweries"  WHERE "breweries"."id" = ? LIMIT 1[0m  [["id", 3]]
  Rendered beers/index.html.erb within layouts/application (52.0ms)
Completed 200 OK in 259ms (Views: 243.0ms | ActiveRecord: 2.8ms)


Started GET "/beers/new" for 127.0.0.1 at 2015-02-03 12:26:06 +0200
Processing by BeersController#new as HTML
  [1m[35mBrewery Load (0.3ms)[0m  SELECT "breweries".* FROM "breweries"
  Rendered beers/_form.html.erb (75.2ms)
  Rendered beers/new.html.erb within layouts/application (103.3ms)
Completed 200 OK in 301ms (Views: 299.7ms | ActiveRecord: 0.3ms)


Started POST "/beers" for 127.0.0.1 at 2015-02-03 12:26:19 +0200
Processing by BeersController#create as HTML
  Parameters: {"utf8"=>"✓", "authenticity_token"=>"60NNT8ZV80qXzwimg1YUAUc+iBijHn3dELzOq8/7xaM=", "beer"=>{"name"=>"Hoegarden", "style"=>"Weizen", "brewery_id"=>"3"}, "commit"=>"Create Beer"}
  [1m[36m (0.2ms)[0m  [1mbegin transaction[0m
  [1m[35mSQL (0.6ms)[0m  INSERT INTO "beers" ("brewery_id", "created_at", "name", "style", "updated_at") VALUES (?, ?, ?, ?, ?)  [["brewery_id", 3], ["created_at", "2015-02-03 10:26:19.651650"], ["name", "Hoegarden"], ["style", "Weizen"], ["updated_at", "2015-02-03 10:26:19.651650"]]
  [1m[36m (329.2ms)[0m  [1mcommit transaction[0m
Redirected to http://localhost:3000/beers
Completed 302 Found in 336ms (ActiveRecord: 329.9ms)


Started GET "/beers" for 127.0.0.1 at 2015-02-03 12:26:19 +0200
Processing by BeersController#index as HTML
  [1m[35mBeer Load (0.4ms)[0m  SELECT "beers".* FROM "beers"
  [1m[36mBrewery Load (0.8ms)[0m  [1mSELECT  "breweries".* FROM "breweries"  WHERE "breweries"."id" = ? LIMIT 1[0m  [["id", 1]]
  [1m[35mCACHE (0.0ms)[0m  SELECT  "breweries".* FROM "breweries"  WHERE "breweries"."id" = ? LIMIT 1  [["id", 1]]
  [1m[36mCACHE (0.0ms)[0m  [1mSELECT  "breweries".* FROM "breweries"  WHERE "breweries"."id" = ? LIMIT 1[0m  [["id", 1]]
  [1m[35mBrewery Load (0.2ms)[0m  SELECT  "breweries".* FROM "breweries"  WHERE "breweries"."id" = ? LIMIT 1  [["id", 2]]
  [1m[36mCACHE (0.0ms)[0m  [1mSELECT  "breweries".* FROM "breweries"  WHERE "breweries"."id" = ? LIMIT 1[0m  [["id", 2]]
  [1m[35mBrewery Load (0.2ms)[0m  SELECT  "breweries".* FROM "breweries"  WHERE "breweries"."id" = ? LIMIT 1  [["id", 3]]
  [1m[36mCACHE (0.0ms)[0m  [1mSELECT  "breweries".* FROM "breweries"  WHERE "breweries"."id" = ? LIMIT 1[0m  [["id", 3]]
  [1m[35mCACHE (0.0ms)[0m  SELECT  "breweries".* FROM "breweries"  WHERE "breweries"."id" = ? LIMIT 1  [["id", 3]]
  Rendered beers/index.html.erb within layouts/application (22.4ms)
Completed 200 OK in 212ms (Views: 209.5ms | ActiveRecord: 1.8ms)


Started GET "/ratings" for 127.0.0.1 at 2015-02-03 12:47:58 +0200
Processing by RatingsController#index as HTML
  [1m[36mRating Load (0.3ms)[0m  [1mSELECT "ratings".* FROM "ratings"[0m
  Rendered ratings/index.html.erb within layouts/application (2.7ms)
Completed 200 OK in 191ms (Views: 184.9ms | ActiveRecord: 0.3ms)


Started GET "/ratings" for 127.0.0.1 at 2015-02-03 12:50:00 +0200
Processing by RatingsController#index as HTML
  [1m[35mRating Load (0.3ms)[0m  SELECT "ratings".* FROM "ratings"
  Rendered ratings/index.html.erb within layouts/application (3.3ms)
Completed 200 OK in 163ms (Views: 161.6ms | ActiveRecord: 0.3ms)


Started GET "/assets/beers.css?body=1" for 127.0.0.1 at 2015-02-03 12:50:00 +0200


Started GET "/assets/memberships.css?body=1" for 127.0.0.1 at 2015-02-03 12:50:00 +0200


Started GET "/assets/users.css?body=1" for 127.0.0.1 at 2015-02-03 12:50:00 +0200


Started GET "/assets/breweries.css?body=1" for 127.0.0.1 at 2015-02-03 12:50:00 +0200


Started GET "/assets/beer_clubs.css?body=1" for 127.0.0.1 at 2015-02-03 12:50:00 +0200


Started GET "/assets/application.css?body=1" for 127.0.0.1 at 2015-02-03 12:50:00 +0200


Started GET "/assets/scaffolds.css?body=1" for 127.0.0.1 at 2015-02-03 12:50:00 +0200


Started GET "/assets/jquery.js?body=1" for 127.0.0.1 at 2015-02-03 12:50:00 +0200


Started GET "/assets/jquery_ujs.js?body=1" for 127.0.0.1 at 2015-02-03 12:50:00 +0200


Started GET "/assets/turbolinks.js?body=1" for 127.0.0.1 at 2015-02-03 12:50:00 +0200


Started GET "/assets/beer_clubs.js?body=1" for 127.0.0.1 at 2015-02-03 12:50:00 +0200


Started GET "/assets/beers.js?body=1" for 127.0.0.1 at 2015-02-03 12:50:00 +0200


Started GET "/assets/breweries.js?body=1" for 127.0.0.1 at 2015-02-03 12:50:00 +0200


Started GET "/assets/memberships.js?body=1" for 127.0.0.1 at 2015-02-03 12:50:00 +0200


Started GET "/assets/users.js?body=1" for 127.0.0.1 at 2015-02-03 12:50:00 +0200


Started GET "/assets/application.js?body=1" for 127.0.0.1 at 2015-02-03 12:50:00 +0200


Started GET "/ratings" for 127.0.0.1 at 2015-02-03 12:50:16 +0200
Processing by RatingsController#index as HTML
  [1m[36mRating Load (0.3ms)[0m  [1mSELECT "ratings".* FROM "ratings"[0m
  Rendered ratings/index.html.erb within layouts/application (1.3ms)
Completed 200 OK in 150ms (Views: 149.1ms | ActiveRecord: 0.3ms)


Started GET "/assets/beer_clubs.css?body=1" for 127.0.0.1 at 2015-02-03 12:50:16 +0200


Started GET "/assets/breweries.css?body=1" for 127.0.0.1 at 2015-02-03 12:50:16 +0200


Started GET "/assets/scaffolds.css?body=1" for 127.0.0.1 at 2015-02-03 12:50:16 +0200


Started GET "/assets/beers.css?body=1" for 127.0.0.1 at 2015-02-03 12:50:16 +0200


Started GET "/assets/memberships.css?body=1" for 127.0.0.1 at 2015-02-03 12:50:16 +0200


Started GET "/assets/users.css?body=1" for 127.0.0.1 at 2015-02-03 12:50:16 +0200


Started GET "/assets/application.css?body=1" for 127.0.0.1 at 2015-02-03 12:50:16 +0200


Started GET "/assets/jquery.js?body=1" for 127.0.0.1 at 2015-02-03 12:50:16 +0200


Started GET "/assets/turbolinks.js?body=1" for 127.0.0.1 at 2015-02-03 12:50:16 +0200


Started GET "/assets/jquery_ujs.js?body=1" for 127.0.0.1 at 2015-02-03 12:50:16 +0200


Started GET "/assets/beer_clubs.js?body=1" for 127.0.0.1 at 2015-02-03 12:50:16 +0200


Started GET "/assets/beers.js?body=1" for 127.0.0.1 at 2015-02-03 12:50:16 +0200


Started GET "/assets/breweries.js?body=1" for 127.0.0.1 at 2015-02-03 12:50:16 +0200


Started GET "/assets/memberships.js?body=1" for 127.0.0.1 at 2015-02-03 12:50:16 +0200


Started GET "/assets/users.js?body=1" for 127.0.0.1 at 2015-02-03 12:50:16 +0200


Started GET "/assets/application.js?body=1" for 127.0.0.1 at 2015-02-03 12:50:16 +0200


Started GET "/ratings/new" for 127.0.0.1 at 2015-02-03 12:53:48 +0200
Processing by RatingsController#new as HTML
  [1m[35mBeer Load (0.4ms)[0m  SELECT "beers".* FROM "beers"
  [1m[36mBrewery Load (0.1ms)[0m  [1mSELECT  "breweries".* FROM "breweries"  WHERE "breweries"."id" = ? LIMIT 1[0m  [["id", 1]]
  [1m[35mCACHE (0.0ms)[0m  SELECT  "breweries".* FROM "breweries"  WHERE "breweries"."id" = ? LIMIT 1  [["id", 1]]
  [1m[36mCACHE (0.0ms)[0m  [1mSELECT  "breweries".* FROM "breweries"  WHERE "breweries"."id" = ? LIMIT 1[0m  [["id", 1]]
  [1m[35mBrewery Load (0.3ms)[0m  SELECT  "breweries".* FROM "breweries"  WHERE "breweries"."id" = ? LIMIT 1  [["id", 2]]
  [1m[36mCACHE (0.0ms)[0m  [1mSELECT  "breweries".* FROM "breweries"  WHERE "breweries"."id" = ? LIMIT 1[0m  [["id", 2]]
  [1m[35mBrewery Load (0.2ms)[0m  SELECT  "breweries".* FROM "breweries"  WHERE "breweries"."id" = ? LIMIT 1  [["id", 3]]
  [1m[36mCACHE (0.0ms)[0m  [1mSELECT  "breweries".* FROM "breweries"  WHERE "breweries"."id" = ? LIMIT 1[0m  [["id", 3]]
  [1m[35mCACHE (0.0ms)[0m  SELECT  "breweries".* FROM "breweries"  WHERE "breweries"."id" = ? LIMIT 1  [["id", 3]]
  Rendered ratings/new.html.erb within layouts/application (66.8ms)
Completed 200 OK in 233ms (Views: 228.1ms | ActiveRecord: 2.7ms)


Started GET "/beers" for 127.0.0.1 at 2015-02-03 12:56:53 +0200
  [1m[36mActiveRecord::SchemaMigration Load (0.3ms)[0m  [1mSELECT "schema_migrations".* FROM "schema_migrations"[0m
Processing by BeersController#index as HTML
  [1m[35mBeer Load (0.4ms)[0m  SELECT "beers".* FROM "beers"
  [1m[36mBrewery Load (0.4ms)[0m  [1mSELECT  "breweries".* FROM "breweries"  WHERE "breweries"."id" = ? LIMIT 1[0m  [["id", 1]]
  [1m[35mCACHE (0.0ms)[0m  SELECT  "breweries".* FROM "breweries"  WHERE "breweries"."id" = ? LIMIT 1  [["id", 1]]
  [1m[36mCACHE (0.0ms)[0m  [1mSELECT  "breweries".* FROM "breweries"  WHERE "breweries"."id" = ? LIMIT 1[0m  [["id", 1]]
  [1m[35mBrewery Load (0.2ms)[0m  SELECT  "breweries".* FROM "breweries"  WHERE "breweries"."id" = ? LIMIT 1  [["id", 2]]
  [1m[36mCACHE (0.0ms)[0m  [1mSELECT  "breweries".* FROM "breweries"  WHERE "breweries"."id" = ? LIMIT 1[0m  [["id", 2]]
  [1m[35mBrewery Load (0.3ms)[0m  SELECT  "breweries".* FROM "breweries"  WHERE "breweries"."id" = ? LIMIT 1  [["id", 3]]
  [1m[36mCACHE (0.0ms)[0m  [1mSELECT  "breweries".* FROM "breweries"  WHERE "breweries"."id" = ? LIMIT 1[0m  [["id", 3]]
  [1m[35mCACHE (0.0ms)[0m  SELECT  "breweries".* FROM "breweries"  WHERE "breweries"."id" = ? LIMIT 1  [["id", 3]]
  Rendered beers/index.html.erb within layouts/application (72.6ms)
Completed 200 OK in 341ms (Views: 305.7ms | ActiveRecord: 2.6ms)


Started GET "/beers/new" for 127.0.0.1 at 2015-02-03 12:56:55 +0200
Processing by BeersController#new as HTML
  [1m[36mBrewery Load (0.3ms)[0m  [1mSELECT "breweries".* FROM "breweries"[0m
  Rendered beers/_form.html.erb (29.2ms)
  Rendered beers/new.html.erb within layouts/application (35.7ms)
Completed 200 OK in 188ms (Views: 185.6ms | ActiveRecord: 0.3ms)


Started GET "/ratings" for 127.0.0.1 at 2015-02-03 12:56:57 +0200
Processing by RatingsController#index as HTML
  [1m[35mRating Load (0.3ms)[0m  SELECT "ratings".* FROM "ratings"
  Rendered ratings/index.html.erb within layouts/application (2.2ms)
Completed 200 OK in 181ms (Views: 174.6ms | ActiveRecord: 0.3ms)


Started GET "/ratings/new" for 127.0.0.1 at 2015-02-03 12:56:59 +0200
Processing by RatingsController#new as HTML
  [1m[36mBeer Load (0.6ms)[0m  [1mSELECT "beers".* FROM "beers"[0m
  [1m[35mBrewery Load (0.2ms)[0m  SELECT  "breweries".* FROM "breweries"  WHERE "breweries"."id" = ? LIMIT 1  [["id", 1]]
  [1m[36mCACHE (0.0ms)[0m  [1mSELECT  "breweries".* FROM "breweries"  WHERE "breweries"."id" = ? LIMIT 1[0m  [["id", 1]]
  [1m[35mCACHE (0.0ms)[0m  SELECT  "breweries".* FROM "breweries"  WHERE "breweries"."id" = ? LIMIT 1  [["id", 1]]
  [1m[36mBrewery Load (0.2ms)[0m  [1mSELECT  "breweries".* FROM "breweries"  WHERE "breweries"."id" = ? LIMIT 1[0m  [["id", 2]]
  [1m[35mCACHE (0.0ms)[0m  SELECT  "breweries".* FROM "breweries"  WHERE "breweries"."id" = ? LIMIT 1  [["id", 2]]
  [1m[36mBrewery Load (0.1ms)[0m  [1mSELECT  "breweries".* FROM "breweries"  WHERE "breweries"."id" = ? LIMIT 1[0m  [["id", 3]]
  [1m[35mCACHE (0.0ms)[0m  SELECT  "breweries".* FROM "breweries"  WHERE "breweries"."id" = ? LIMIT 1  [["id", 3]]
  [1m[36mCACHE (0.0ms)[0m  [1mSELECT  "breweries".* FROM "breweries"  WHERE "breweries"."id" = ? LIMIT 1[0m  [["id", 3]]
  Rendered ratings/new.html.erb within layouts/application (25.7ms)
Completed 200 OK in 222ms (Views: 216.7ms | ActiveRecord: 2.1ms)


Started GET "/ratings" for 127.0.0.1 at 2015-02-03 12:57:00 +0200
Processing by RatingsController#index as HTML
  [1m[35mRating Load (0.3ms)[0m  SELECT "ratings".* FROM "ratings"
  Rendered ratings/index.html.erb within layouts/application (1.5ms)
Completed 200 OK in 193ms (Views: 191.0ms | ActiveRecord: 0.3ms)


Started GET "/ratings/new" for 127.0.0.1 at 2015-02-03 12:57:03 +0200
Processing by RatingsController#new as HTML
  [1m[36mBeer Load (0.3ms)[0m  [1mSELECT "beers".* FROM "beers"[0m
  [1m[35mBrewery Load (0.2ms)[0m  SELECT  "breweries".* FROM "breweries"  WHERE "breweries"."id" = ? LIMIT 1  [["id", 1]]
  [1m[36mCACHE (0.0ms)[0m  [1mSELECT  "breweries".* FROM "breweries"  WHERE "breweries"."id" = ? LIMIT 1[0m  [["id", 1]]
  [1m[35mCACHE (0.0ms)[0m  SELECT  "breweries".* FROM "breweries"  WHERE "breweries"."id" = ? LIMIT 1  [["id", 1]]
  [1m[36mBrewery Load (0.2ms)[0m  [1mSELECT  "breweries".* FROM "breweries"  WHERE "breweries"."id" = ? LIMIT 1[0m  [["id", 2]]
  [1m[35mCACHE (0.0ms)[0m  SELECT  "breweries".* FROM "breweries"  WHERE "breweries"."id" = ? LIMIT 1  [["id", 2]]
  [1m[36mBrewery Load (0.1ms)[0m  [1mSELECT  "breweries".* FROM "breweries"  WHERE "breweries"."id" = ? LIMIT 1[0m  [["id", 3]]
  [1m[35mCACHE (0.0ms)[0m  SELECT  "breweries".* FROM "breweries"  WHERE "breweries"."id" = ? LIMIT 1  [["id", 3]]
  [1m[36mCACHE (0.0ms)[0m  [1mSELECT  "breweries".* FROM "breweries"  WHERE "breweries"."id" = ? LIMIT 1[0m  [["id", 3]]
  Rendered ratings/new.html.erb within layouts/application (14.0ms)
Completed 200 OK in 190ms (Views: 187.7ms | ActiveRecord: 1.0ms)


Started GET "/ratings" for 127.0.0.1 at 2015-02-03 12:57:04 +0200
Processing by RatingsController#index as HTML
  [1m[35mRating Load (0.3ms)[0m  SELECT "ratings".* FROM "ratings"
  Rendered ratings/index.html.erb within layouts/application (1.5ms)
Completed 200 OK in 158ms (Views: 156.7ms | ActiveRecord: 0.3ms)


Started GET "/ratings" for 127.0.0.1 at 2015-02-03 12:58:08 +0200
Processing by RatingsController#index as HTML
  [1m[36mRating Load (0.7ms)[0m  [1mSELECT "ratings".* FROM "ratings"[0m
  Rendered ratings/index.html.erb within layouts/application (2.4ms)
Completed 200 OK in 168ms (Views: 163.1ms | ActiveRecord: 0.7ms)


Started GET "/beers" for 127.0.0.1 at 2015-02-03 17:41:21 +0200
  [1m[36mActiveRecord::SchemaMigration Load (0.3ms)[0m  [1mSELECT "schema_migrations".* FROM "schema_migrations"[0m
Processing by BeersController#index as HTML
  [1m[35mBeer Load (0.3ms)[0m  SELECT "beers".* FROM "beers"
  [1m[36mBrewery Load (0.4ms)[0m  [1mSELECT  "breweries".* FROM "breweries"  WHERE "breweries"."id" = ? LIMIT 1[0m  [["id", 1]]
  [1m[35mCACHE (0.0ms)[0m  SELECT  "breweries".* FROM "breweries"  WHERE "breweries"."id" = ? LIMIT 1  [["id", 1]]
  [1m[36mCACHE (0.0ms)[0m  [1mSELECT  "breweries".* FROM "breweries"  WHERE "breweries"."id" = ? LIMIT 1[0m  [["id", 1]]
  [1m[35mBrewery Load (0.2ms)[0m  SELECT  "breweries".* FROM "breweries"  WHERE "breweries"."id" = ? LIMIT 1  [["id", 2]]
  [1m[36mCACHE (0.0ms)[0m  [1mSELECT  "breweries".* FROM "breweries"  WHERE "breweries"."id" = ? LIMIT 1[0m  [["id", 2]]
  [1m[35mBrewery Load (0.2ms)[0m  SELECT  "breweries".* FROM "breweries"  WHERE "breweries"."id" = ? LIMIT 1  [["id", 3]]
  [1m[36mCACHE (0.0ms)[0m  [1mSELECT  "breweries".* FROM "breweries"  WHERE "breweries"."id" = ? LIMIT 1[0m  [["id", 3]]
  [1m[35mCACHE (0.0ms)[0m  SELECT  "breweries".* FROM "breweries"  WHERE "breweries"."id" = ? LIMIT 1  [["id", 3]]
  Rendered beers/index.html.erb within layouts/application (72.7ms)
Completed 200 OK in 344ms (Views: 308.2ms | ActiveRecord: 2.5ms)


Started GET "/beers/new" for 127.0.0.1 at 2015-02-03 17:41:29 +0200
Processing by BeersController#new as HTML
  [1m[36mBrewery Load (0.3ms)[0m  [1mSELECT "breweries".* FROM "breweries"[0m
  Rendered beers/_form.html.erb (29.7ms)
  Rendered beers/new.html.erb within layouts/application (36.4ms)
Completed 200 OK in 189ms (Views: 187.6ms | ActiveRecord: 0.3ms)


Started GET "/beers" for 127.0.0.1 at 2015-02-03 17:52:00 +0200
  [1m[36mActiveRecord::SchemaMigration Load (0.3ms)[0m  [1mSELECT "schema_migrations".* FROM "schema_migrations"[0m
Processing by BeersController#index as HTML
  [1m[35mBeer Load (0.4ms)[0m  SELECT "beers".* FROM "beers"
  [1m[36mBrewery Load (0.4ms)[0m  [1mSELECT  "breweries".* FROM "breweries"  WHERE "breweries"."id" = ? LIMIT 1[0m  [["id", 1]]
  [1m[35mCACHE (0.0ms)[0m  SELECT  "breweries".* FROM "breweries"  WHERE "breweries"."id" = ? LIMIT 1  [["id", 1]]
  [1m[36mCACHE (0.0ms)[0m  [1mSELECT  "breweries".* FROM "breweries"  WHERE "breweries"."id" = ? LIMIT 1[0m  [["id", 1]]
  [1m[35mBrewery Load (0.2ms)[0m  SELECT  "breweries".* FROM "breweries"  WHERE "breweries"."id" = ? LIMIT 1  [["id", 2]]
  [1m[36mCACHE (0.0ms)[0m  [1mSELECT  "breweries".* FROM "breweries"  WHERE "breweries"."id" = ? LIMIT 1[0m  [["id", 2]]
  [1m[35mBrewery Load (0.2ms)[0m  SELECT  "breweries".* FROM "breweries"  WHERE "breweries"."id" = ? LIMIT 1  [["id", 3]]
  [1m[36mCACHE (0.0ms)[0m  [1mSELECT  "breweries".* FROM "breweries"  WHERE "breweries"."id" = ? LIMIT 1[0m  [["id", 3]]
  [1m[35mCACHE (0.0ms)[0m  SELECT  "breweries".* FROM "breweries"  WHERE "breweries"."id" = ? LIMIT 1  [["id", 3]]
  Rendered beers/index.html.erb within layouts/application (74.0ms)
Completed 200 OK in 344ms (Views: 306.9ms | ActiveRecord: 2.6ms)


Started GET "/beers/new" for 127.0.0.1 at 2015-02-03 17:52:03 +0200
Processing by BeersController#new as HTML
  [1m[36mBrewery Load (0.3ms)[0m  [1mSELECT "breweries".* FROM "breweries"[0m
  Rendered beers/_form.html.erb (29.8ms)
  Rendered beers/new.html.erb within layouts/application (36.7ms)
Completed 200 OK in 188ms (Views: 186.1ms | ActiveRecord: 0.3ms)


Started POST "/beers" for 127.0.0.1 at 2015-02-03 17:52:06 +0200
Processing by BeersController#create as HTML
  Parameters: {"utf8"=>"✓", "authenticity_token"=>"PcIqq3jd43RHe2Z1p1N0t2IpJl+Tfa63x7PIoUhz9Rs=", "beer"=>{"name"=>"", "style"=>"Weizen", "brewery_id"=>"1"}, "commit"=>"Create Beer"}
  [1m[35m (0.5ms)[0m  begin transaction
  [1m[36m (0.2ms)[0m  [1mrollback transaction[0m
  [1m[35mBrewery Load (0.3ms)[0m  SELECT "breweries".* FROM "breweries"
  Rendered beers/_form.html.erb (9.9ms)
  Rendered beers/new.html.erb within layouts/application (12.7ms)
Completed 200 OK in 191ms (Views: 182.1ms | ActiveRecord: 1.0ms)


Started GET "/assets/beer_clubs.css?body=1" for 127.0.0.1 at 2015-02-03 17:52:06 +0200


Started GET "/assets/beers.css?body=1" for 127.0.0.1 at 2015-02-03 17:52:06 +0200


Started GET "/assets/memberships.css?body=1" for 127.0.0.1 at 2015-02-03 17:52:06 +0200


Started GET "/assets/scaffolds.css?body=1" for 127.0.0.1 at 2015-02-03 17:52:06 +0200


Started GET "/assets/users.css?body=1" for 127.0.0.1 at 2015-02-03 17:52:06 +0200


Started GET "/assets/breweries.css?body=1" for 127.0.0.1 at 2015-02-03 17:52:06 +0200


Started GET "/assets/application.css?body=1" for 127.0.0.1 at 2015-02-03 17:52:06 +0200


Started GET "/assets/beer_clubs.js?body=1" for 127.0.0.1 at 2015-02-03 17:52:06 +0200


Started GET "/assets/beers.js?body=1" for 127.0.0.1 at 2015-02-03 17:52:06 +0200


Started GET "/assets/breweries.js?body=1" for 127.0.0.1 at 2015-02-03 17:52:06 +0200


Started GET "/assets/memberships.js?body=1" for 127.0.0.1 at 2015-02-03 17:52:06 +0200


Started GET "/assets/users.js?body=1" for 127.0.0.1 at 2015-02-03 17:52:06 +0200


Started GET "/assets/application.js?body=1" for 127.0.0.1 at 2015-02-03 17:52:06 +0200


Started GET "/ratings" for 127.0.0.1 at 2015-02-03 18:00:20 +0200
  [1m[36mActiveRecord::SchemaMigration Load (0.3ms)[0m  [1mSELECT "schema_migrations".* FROM "schema_migrations"[0m
Processing by RatingsController#index as HTML
  [1m[35mRating Load (0.3ms)[0m  SELECT "ratings".* FROM "ratings"
  Rendered ratings/index.html.erb within layouts/application (3.8ms)
Completed 200 OK in 290ms (Views: 263.1ms | ActiveRecord: 0.3ms)


Started GET "/assets/beer_clubs.css?body=1" for 127.0.0.1 at 2015-02-03 18:00:21 +0200


Started GET "/assets/breweries.css?body=1" for 127.0.0.1 at 2015-02-03 18:00:21 +0200


Started GET "/assets/beers.css?body=1" for 127.0.0.1 at 2015-02-03 18:00:21 +0200


Started GET "/assets/memberships.css?body=1" for 127.0.0.1 at 2015-02-03 18:00:21 +0200


Started GET "/assets/users.css?body=1" for 127.0.0.1 at 2015-02-03 18:00:21 +0200


Started GET "/assets/scaffolds.css?body=1" for 127.0.0.1 at 2015-02-03 18:00:21 +0200


Started GET "/assets/application.css?body=1" for 127.0.0.1 at 2015-02-03 18:00:21 +0200


Started GET "/assets/beer_clubs.js?body=1" for 127.0.0.1 at 2015-02-03 18:00:21 +0200


Started GET "/assets/beers.js?body=1" for 127.0.0.1 at 2015-02-03 18:00:21 +0200


Started GET "/assets/breweries.js?body=1" for 127.0.0.1 at 2015-02-03 18:00:21 +0200


Started GET "/assets/users.js?body=1" for 127.0.0.1 at 2015-02-03 18:00:21 +0200


Started GET "/assets/memberships.js?body=1" for 127.0.0.1 at 2015-02-03 18:00:21 +0200


Started GET "/assets/application.js?body=1" for 127.0.0.1 at 2015-02-03 18:00:21 +0200


Started GET "/signin" for 127.0.0.1 at 2015-02-03 18:00:24 +0200
Processing by SessionsController#new as HTML
  Rendered sessions/new.html.erb within layouts/application (2.2ms)
Completed 200 OK in 186ms (Views: 184.8ms | ActiveRecord: 0.0ms)


Started GET "/signup" for 127.0.0.1 at 2015-02-03 18:00:27 +0200
Processing by UsersController#new as HTML
  Rendered users/_form.html.erb (41.5ms)
  Rendered users/new.html.erb within layouts/application (49.5ms)
Completed 200 OK in 267ms (Views: 247.7ms | ActiveRecord: 0.8ms)


Started POST "/users" for 127.0.0.1 at 2015-02-03 18:00:35 +0200
Processing by UsersController#create as HTML
  Parameters: {"utf8"=>"✓", "authenticity_token"=>"PcIqq3jd43RHe2Z1p1N0t2IpJl+Tfa63x7PIoUhz9Rs=", "user"=>{"username"=>"era", "password"=>"[FILTERED]", "password_confirmation"=>"[FILTERED]"}, "commit"=>"Create User"}
  [1m[36m (0.9ms)[0m  [1mbegin transaction[0m
  [1m[35mUser Exists (0.3ms)[0m  SELECT  1 AS one FROM "users"  WHERE "users"."username" = 'era' LIMIT 1
Binary data inserted for `string` type on column `password_digest`
  [1m[36mSQL (0.5ms)[0m  [1mINSERT INTO "users" ("created_at", "password_digest", "updated_at", "username") VALUES (?, ?, ?, ?)[0m  [["created_at", "2015-02-03 16:00:35.659883"], ["password_digest", "$2a$10$XXTO5nbo.Nv6.G60FdZ.T.LwxlqFvA79ee1u9E/at9Ur9FOC1iqu6"], ["updated_at", "2015-02-03 16:00:35.659883"], ["username", "era"]]
  [1m[35m (204.3ms)[0m  commit transaction
Redirected to http://localhost:3000/users/1
Completed 302 Found in 424ms (ActiveRecord: 206.0ms)


Started GET "/users/1" for 127.0.0.1 at 2015-02-03 18:00:35 +0200
Processing by UsersController#show as HTML
  Parameters: {"id"=>"1"}
  [1m[36mUser Load (0.4ms)[0m  [1mSELECT  "users".* FROM "users"  WHERE "users"."id" = ? LIMIT 1[0m  [["id", 1]]
  [1m[35mRating Exists (0.3ms)[0m  SELECT  1 AS one FROM "ratings"  WHERE "ratings"."user_id" = ? LIMIT 1  [["user_id", 1]]
  [1m[36mBeerClub Exists (0.4ms)[0m  [1mSELECT  1 AS one FROM "beer_clubs" INNER JOIN "memberships" ON "beer_clubs"."id" = "memberships"."beer_club_id" WHERE "memberships"."user_id" = ? LIMIT 1[0m  [["user_id", 1]]
  [1m[35mRating Load (0.3ms)[0m  SELECT "ratings".* FROM "ratings"  WHERE "ratings"."user_id" = ?  [["user_id", 1]]
  Rendered users/show.html.erb within layouts/application (62.8ms)
Completed 200 OK in 284ms (Views: 278.1ms | ActiveRecord: 3.4ms)


Started GET "/assets/beer_clubs.css?body=1" for 127.0.0.1 at 2015-02-03 18:00:36 +0200


Started GET "/assets/beers.css?body=1" for 127.0.0.1 at 2015-02-03 18:00:36 +0200


Started GET "/assets/breweries.css?body=1" for 127.0.0.1 at 2015-02-03 18:00:36 +0200


Started GET "/assets/scaffolds.css?body=1" for 127.0.0.1 at 2015-02-03 18:00:36 +0200


Started GET "/assets/users.css?body=1" for 127.0.0.1 at 2015-02-03 18:00:36 +0200


Started GET "/assets/memberships.css?body=1" for 127.0.0.1 at 2015-02-03 18:00:36 +0200


Started GET "/assets/application.css?body=1" for 127.0.0.1 at 2015-02-03 18:00:36 +0200


Started GET "/assets/beers.js?body=1" for 127.0.0.1 at 2015-02-03 18:00:36 +0200


Started GET "/assets/breweries.js?body=1" for 127.0.0.1 at 2015-02-03 18:00:36 +0200


Started GET "/assets/memberships.js?body=1" for 127.0.0.1 at 2015-02-03 18:00:36 +0200


Started GET "/assets/beer_clubs.js?body=1" for 127.0.0.1 at 2015-02-03 18:00:36 +0200


Started GET "/assets/users.js?body=1" for 127.0.0.1 at 2015-02-03 18:00:36 +0200


Started GET "/assets/application.js?body=1" for 127.0.0.1 at 2015-02-03 18:00:36 +0200


Started GET "/signin" for 127.0.0.1 at 2015-02-03 18:00:37 +0200
Processing by SessionsController#new as HTML
  Rendered sessions/new.html.erb within layouts/application (1.5ms)
Completed 200 OK in 198ms (Views: 197.0ms | ActiveRecord: 0.0ms)


Started POST "/session" for 127.0.0.1 at 2015-02-03 18:00:45 +0200
Processing by SessionsController#create as HTML
  Parameters: {"utf8"=>"✓", "authenticity_token"=>"PcIqq3jd43RHe2Z1p1N0t2IpJl+Tfa63x7PIoUhz9Rs=", "username"=>"era", "password"=>"[FILTERED]", "commit"=>"Log in"}
  [1m[36mUser Load (0.3ms)[0m  [1mSELECT  "users".* FROM "users"  WHERE "users"."username" = 'era' LIMIT 1[0m
Redirected to http://localhost:3000/users/1
Completed 302 Found in 188ms (ActiveRecord: 0.3ms)


Started GET "/users/1" for 127.0.0.1 at 2015-02-03 18:00:45 +0200
Processing by UsersController#show as HTML
  Parameters: {"id"=>"1"}
  [1m[35mUser Load (0.2ms)[0m  SELECT  "users".* FROM "users"  WHERE "users"."id" = ? LIMIT 1  [["id", 1]]
  [1m[36mRating Exists (0.2ms)[0m  [1mSELECT  1 AS one FROM "ratings"  WHERE "ratings"."user_id" = ? LIMIT 1[0m  [["user_id", 1]]
  [1m[35mBeerClub Exists (0.2ms)[0m  SELECT  1 AS one FROM "beer_clubs" INNER JOIN "memberships" ON "beer_clubs"."id" = "memberships"."beer_club_id" WHERE "memberships"."user_id" = ? LIMIT 1  [["user_id", 1]]
  [1m[36mRating Load (0.1ms)[0m  [1mSELECT "ratings".* FROM "ratings"  WHERE "ratings"."user_id" = ?[0m  [["user_id", 1]]
  [1m[35mUser Load (0.2ms)[0m  SELECT  "users".* FROM "users"  WHERE "users"."id" = ? LIMIT 1  [["id", 1]]
  Rendered users/show.html.erb within layouts/application (10.4ms)
  [1m[36mCACHE (0.0ms)[0m  [1mSELECT  "users".* FROM "users"  WHERE "users"."id" = ? LIMIT 1[0m  [["id", 1]]
  [1m[35mCACHE (0.0ms)[0m  SELECT  "users".* FROM "users"  WHERE "users"."id" = ? LIMIT 1  [["id", 1]]
  [1m[36mCACHE (0.0ms)[0m  [1mSELECT  "users".* FROM "users"  WHERE "users"."id" = ? LIMIT 1[0m  [["id", 1]]
Completed 200 OK in 180ms (Views: 176.3ms | ActiveRecord: 1.0ms)


Started GET "/assets/beer_clubs.css?body=1" for 127.0.0.1 at 2015-02-03 18:00:45 +0200


Started GET "/assets/beers.css?body=1" for 127.0.0.1 at 2015-02-03 18:00:46 +0200


Started GET "/assets/breweries.css?body=1" for 127.0.0.1 at 2015-02-03 18:00:46 +0200


Started GET "/assets/memberships.css?body=1" for 127.0.0.1 at 2015-02-03 18:00:46 +0200


Started GET "/assets/users.css?body=1" for 127.0.0.1 at 2015-02-03 18:00:46 +0200


Started GET "/assets/scaffolds.css?body=1" for 127.0.0.1 at 2015-02-03 18:00:46 +0200


Started GET "/assets/beer_clubs.js?body=1" for 127.0.0.1 at 2015-02-03 18:00:46 +0200


Started GET "/assets/memberships.js?body=1" for 127.0.0.1 at 2015-02-03 18:00:46 +0200


Started GET "/assets/beers.js?body=1" for 127.0.0.1 at 2015-02-03 18:00:46 +0200


Started GET "/assets/application.css?body=1" for 127.0.0.1 at 2015-02-03 18:00:46 +0200


Started GET "/assets/breweries.js?body=1" for 127.0.0.1 at 2015-02-03 18:00:46 +0200


Started GET "/assets/users.js?body=1" for 127.0.0.1 at 2015-02-03 18:00:46 +0200


Started GET "/assets/application.js?body=1" for 127.0.0.1 at 2015-02-03 18:00:46 +0200


Started GET "/ratings" for 127.0.0.1 at 2015-02-03 18:00:48 +0200
Processing by RatingsController#index as HTML
  [1m[35mRating Load (0.3ms)[0m  SELECT "ratings".* FROM "ratings"
  [1m[36mUser Load (0.2ms)[0m  [1mSELECT  "users".* FROM "users"  WHERE "users"."id" = ? LIMIT 1[0m  [["id", 1]]
  Rendered ratings/index.html.erb within layouts/application (4.1ms)
  [1m[35mCACHE (0.0ms)[0m  SELECT  "users".* FROM "users"  WHERE "users"."id" = ? LIMIT 1  [["id", 1]]
  [1m[36mCACHE (0.0ms)[0m  [1mSELECT  "users".* FROM "users"  WHERE "users"."id" = ? LIMIT 1[0m  [["id", 1]]
  [1m[35mCACHE (0.0ms)[0m  SELECT  "users".* FROM "users"  WHERE "users"."id" = ? LIMIT 1  [["id", 1]]
Completed 200 OK in 173ms (Views: 170.9ms | ActiveRecord: 0.6ms)


Started GET "/ratings/new" for 127.0.0.1 at 2015-02-03 18:00:50 +0200
Processing by RatingsController#new as HTML
  [1m[36mBeer Load (0.4ms)[0m  [1mSELECT "beers".* FROM "beers"[0m
  [1m[35mBrewery Load (0.3ms)[0m  SELECT  "breweries".* FROM "breweries"  WHERE "breweries"."id" = ? LIMIT 1  [["id", 1]]
  [1m[36mCACHE (0.0ms)[0m  [1mSELECT  "breweries".* FROM "breweries"  WHERE "breweries"."id" = ? LIMIT 1[0m  [["id", 1]]
  [1m[35mCACHE (0.0ms)[0m  SELECT  "breweries".* FROM "breweries"  WHERE "breweries"."id" = ? LIMIT 1  [["id", 1]]
  [1m[36mBrewery Load (0.2ms)[0m  [1mSELECT  "breweries".* FROM "breweries"  WHERE "breweries"."id" = ? LIMIT 1[0m  [["id", 2]]
  [1m[35mCACHE (0.0ms)[0m  SELECT  "breweries".* FROM "breweries"  WHERE "breweries"."id" = ? LIMIT 1  [["id", 2]]
  [1m[36mBrewery Load (0.1ms)[0m  [1mSELECT  "breweries".* FROM "breweries"  WHERE "breweries"."id" = ? LIMIT 1[0m  [["id", 3]]
  [1m[35mCACHE (0.0ms)[0m  SELECT  "breweries".* FROM "breweries"  WHERE "breweries"."id" = ? LIMIT 1  [["id", 3]]
  [1m[36mCACHE (0.0ms)[0m  [1mSELECT  "breweries".* FROM "breweries"  WHERE "breweries"."id" = ? LIMIT 1[0m  [["id", 3]]
  Rendered ratings/new.html.erb within layouts/application (58.0ms)
  [1m[35mUser Load (0.2ms)[0m  SELECT  "users".* FROM "users"  WHERE "users"."id" = ? LIMIT 1  [["id", 1]]
  [1m[36mCACHE (0.0ms)[0m  [1mSELECT  "users".* FROM "users"  WHERE "users"."id" = ? LIMIT 1[0m  [["id", 1]]
  [1m[35mCACHE (0.0ms)[0m  SELECT  "users".* FROM "users"  WHERE "users"."id" = ? LIMIT 1  [["id", 1]]
Completed 200 OK in 226ms (Views: 213.9ms | ActiveRecord: 3.0ms)


Started POST "/ratings" for 127.0.0.1 at 2015-02-03 18:00:53 +0200
Processing by RatingsController#create as HTML
  Parameters: {"utf8"=>"✓", "authenticity_token"=>"PcIqq3jd43RHe2Z1p1N0t2IpJl+Tfa63x7PIoUhz9Rs=", "rating"=>{"beer_id"=>"1", "score"=>"34"}, "commit"=>"Create Rating"}
  [1m[36mUser Load (0.2ms)[0m  [1mSELECT  "users".* FROM "users"  WHERE "users"."id" = ? LIMIT 1[0m  [["id", 1]]
  [1m[35m (0.2ms)[0m  begin transaction
  [1m[36mSQL (0.6ms)[0m  [1mINSERT INTO "ratings" ("beer_id", "created_at", "score", "updated_at") VALUES (?, ?, ?, ?)[0m  [["beer_id", 1], ["created_at", "2015-02-03 16:00:53.471181"], ["score", 34], ["updated_at", "2015-02-03 16:00:53.471181"]]
  [1m[35m (224.9ms)[0m  commit transaction
  [1m[36mUser Load (0.3ms)[0m  [1mSELECT  "users".* FROM "users"  WHERE "users"."id" = ? LIMIT 1[0m  [["id", 1]]
  [1m[35m (0.2ms)[0m  begin transaction
  [1m[36mSQL (0.4ms)[0m  [1mUPDATE "ratings" SET "updated_at" = ?, "user_id" = ? WHERE "ratings"."id" = 1[0m  [["updated_at", "2015-02-03 16:00:53.706736"], ["user_id", 1]]
  [1m[35m (210.4ms)[0m  commit transaction
  [1m[36mUser Load (0.3ms)[0m  [1mSELECT  "users".* FROM "users"  WHERE "users"."id" = ? LIMIT 1[0m  [["id", 1]]
Redirected to http://localhost:3000/users/1
Completed 302 Found in 457ms (ActiveRecord: 437.7ms)


Started GET "/users/1" for 127.0.0.1 at 2015-02-03 18:00:53 +0200
Processing by UsersController#show as HTML
  Parameters: {"id"=>"1"}
  [1m[35mUser Load (0.3ms)[0m  SELECT  "users".* FROM "users"  WHERE "users"."id" = ? LIMIT 1  [["id", 1]]
  [1m[36mRating Exists (0.2ms)[0m  [1mSELECT  1 AS one FROM "ratings"  WHERE "ratings"."user_id" = ? LIMIT 1[0m  [["user_id", 1]]
  [1m[35m (0.3ms)[0m  SELECT COUNT(*) FROM "ratings"  WHERE "ratings"."user_id" = ?  [["user_id", 1]]
  [1m[36mRating Load (0.1ms)[0m  [1mSELECT "ratings".* FROM "ratings"  WHERE "ratings"."user_id" = ?[0m  [["user_id", 1]]
  [1m[35mCACHE (0.0ms)[0m  SELECT COUNT(*) FROM "ratings"  WHERE "ratings"."user_id" = ?  [["user_id", 1]]
  [1m[36mBeerClub Exists (0.2ms)[0m  [1mSELECT  1 AS one FROM "beer_clubs" INNER JOIN "memberships" ON "beer_clubs"."id" = "memberships"."beer_club_id" WHERE "memberships"."user_id" = ? LIMIT 1[0m  [["user_id", 1]]
  [1m[35mBeer Load (0.4ms)[0m  SELECT  "beers".* FROM "beers"  WHERE "beers"."id" = ? LIMIT 1  [["id", 1]]
  [1m[36mUser Load (0.2ms)[0m  [1mSELECT  "users".* FROM "users"  WHERE "users"."id" = ? LIMIT 1[0m  [["id", 1]]
  [1m[35mCACHE (0.0ms)[0m  SELECT  "users".* FROM "users"  WHERE "users"."id" = ? LIMIT 1  [["id", 1]]
  Rendered users/show.html.erb within layouts/application (16.6ms)
  [1m[36mCACHE (0.0ms)[0m  [1mSELECT  "users".* FROM "users"  WHERE "users"."id" = ? LIMIT 1[0m  [["id", 1]]
  [1m[35mCACHE (0.0ms)[0m  SELECT  "users".* FROM "users"  WHERE "users"."id" = ? LIMIT 1  [["id", 1]]
  [1m[36mCACHE (0.0ms)[0m  [1mSELECT  "users".* FROM "users"  WHERE "users"."id" = ? LIMIT 1[0m  [["id", 1]]
Completed 200 OK in 173ms (Views: 169.0ms | ActiveRecord: 1.8ms)


Started GET "/assets/beer_clubs.css?body=1" for 127.0.0.1 at 2015-02-03 18:00:54 +0200


Started GET "/assets/beers.css?body=1" for 127.0.0.1 at 2015-02-03 18:00:54 +0200


Started GET "/assets/memberships.css?body=1" for 127.0.0.1 at 2015-02-03 18:00:54 +0200


Started GET "/assets/scaffolds.css?body=1" for 127.0.0.1 at 2015-02-03 18:00:54 +0200


Started GET "/assets/breweries.css?body=1" for 127.0.0.1 at 2015-02-03 18:00:54 +0200


Started GET "/assets/application.css?body=1" for 127.0.0.1 at 2015-02-03 18:00:54 +0200


Started GET "/assets/users.css?body=1" for 127.0.0.1 at 2015-02-03 18:00:54 +0200


Started GET "/assets/beer_clubs.js?body=1" for 127.0.0.1 at 2015-02-03 18:00:54 +0200


Started GET "/assets/beers.js?body=1" for 127.0.0.1 at 2015-02-03 18:00:54 +0200


Started GET "/assets/breweries.js?body=1" for 127.0.0.1 at 2015-02-03 18:00:54 +0200


Started GET "/assets/memberships.js?body=1" for 127.0.0.1 at 2015-02-03 18:00:54 +0200


Started GET "/assets/users.js?body=1" for 127.0.0.1 at 2015-02-03 18:00:54 +0200


Started GET "/assets/application.js?body=1" for 127.0.0.1 at 2015-02-03 18:00:54 +0200


Started GET "/ratings" for 127.0.0.1 at 2015-02-03 18:03:07 +0200
Processing by RatingsController#index as HTML
  [1m[35mRating Load (0.3ms)[0m  SELECT "ratings".* FROM "ratings"
  [1m[36mBeer Load (0.2ms)[0m  [1mSELECT  "beers".* FROM "beers"  WHERE "beers"."id" = ? LIMIT 1[0m  [["id", 1]]
  [1m[35mUser Load (0.1ms)[0m  SELECT  "users".* FROM "users"  WHERE "users"."id" = ? LIMIT 1  [["id", 1]]
  [1m[36mUser Load (0.1ms)[0m  [1mSELECT  "users".* FROM "users"  WHERE "users"."id" = ? LIMIT 1[0m  [["id", 1]]
  Rendered ratings/index.html.erb within layouts/application (5.4ms)
  [1m[35mCACHE (0.0ms)[0m  SELECT  "users".* FROM "users"  WHERE "users"."id" = ? LIMIT 1  [["id", 1]]
  [1m[36mCACHE (0.0ms)[0m  [1mSELECT  "users".* FROM "users"  WHERE "users"."id" = ? LIMIT 1[0m  [["id", 1]]
  [1m[35mCACHE (0.0ms)[0m  SELECT  "users".* FROM "users"  WHERE "users"."id" = ? LIMIT 1  [["id", 1]]
Completed 200 OK in 168ms (Views: 165.2ms | ActiveRecord: 0.9ms)


Started GET "/ratings" for 127.0.0.1 at 2015-02-03 18:03:22 +0200
Processing by RatingsController#index as HTML
  [1m[36mRating Load (0.3ms)[0m  [1mSELECT "ratings".* FROM "ratings"[0m
  [1m[35mBeer Load (0.2ms)[0m  SELECT  "beers".* FROM "beers"  WHERE "beers"."id" = ? LIMIT 1  [["id", 1]]
  [1m[36mUser Load (0.8ms)[0m  [1mSELECT  "users".* FROM "users"  WHERE "users"."id" = ? LIMIT 1[0m  [["id", 1]]
  [1m[35mUser Load (0.2ms)[0m  SELECT  "users".* FROM "users"  WHERE "users"."id" = ? LIMIT 1  [["id", 1]]
  Rendered ratings/index.html.erb within layouts/application (6.1ms)
  [1m[36mCACHE (0.0ms)[0m  [1mSELECT  "users".* FROM "users"  WHERE "users"."id" = ? LIMIT 1[0m  [["id", 1]]
  [1m[35mCACHE (0.0ms)[0m  SELECT  "users".* FROM "users"  WHERE "users"."id" = ? LIMIT 1  [["id", 1]]
  [1m[36mCACHE (0.0ms)[0m  [1mSELECT  "users".* FROM "users"  WHERE "users"."id" = ? LIMIT 1[0m  [["id", 1]]
Completed 200 OK in 167ms (Views: 163.7ms | ActiveRecord: 1.5ms)


Started GET "/ratings" for 127.0.0.1 at 2015-02-03 18:03:23 +0200
Processing by RatingsController#index as HTML
  [1m[35mRating Load (0.3ms)[0m  SELECT "ratings".* FROM "ratings"
  [1m[36mBeer Load (0.2ms)[0m  [1mSELECT  "beers".* FROM "beers"  WHERE "beers"."id" = ? LIMIT 1[0m  [["id", 1]]
  [1m[35mUser Load (0.2ms)[0m  SELECT  "users".* FROM "users"  WHERE "users"."id" = ? LIMIT 1  [["id", 1]]
  [1m[36mUser Load (0.2ms)[0m  [1mSELECT  "users".* FROM "users"  WHERE "users"."id" = ? LIMIT 1[0m  [["id", 1]]
  Rendered ratings/index.html.erb within layouts/application (5.2ms)
  [1m[35mCACHE (0.0ms)[0m  SELECT  "users".* FROM "users"  WHERE "users"."id" = ? LIMIT 1  [["id", 1]]
  [1m[36mCACHE (0.0ms)[0m  [1mSELECT  "users".* FROM "users"  WHERE "users"."id" = ? LIMIT 1[0m  [["id", 1]]
  [1m[35mCACHE (0.0ms)[0m  SELECT  "users".* FROM "users"  WHERE "users"."id" = ? LIMIT 1  [["id", 1]]
Completed 200 OK in 175ms (Views: 173.0ms | ActiveRecord: 1.0ms)


Started GET "/ratings/new" for 127.0.0.1 at 2015-02-03 18:03:29 +0200
Processing by RatingsController#new as HTML
  [1m[36mBeer Load (0.3ms)[0m  [1mSELECT "beers".* FROM "beers"[0m
  [1m[35mBrewery Load (0.2ms)[0m  SELECT  "breweries".* FROM "breweries"  WHERE "breweries"."id" = ? LIMIT 1  [["id", 1]]
  [1m[36mCACHE (0.0ms)[0m  [1mSELECT  "breweries".* FROM "breweries"  WHERE "breweries"."id" = ? LIMIT 1[0m  [["id", 1]]
  [1m[35mCACHE (0.0ms)[0m  SELECT  "breweries".* FROM "breweries"  WHERE "breweries"."id" = ? LIMIT 1  [["id", 1]]
  [1m[36mBrewery Load (0.2ms)[0m  [1mSELECT  "breweries".* FROM "breweries"  WHERE "breweries"."id" = ? LIMIT 1[0m  [["id", 2]]
  [1m[35mCACHE (0.0ms)[0m  SELECT  "breweries".* FROM "breweries"  WHERE "breweries"."id" = ? LIMIT 1  [["id", 2]]
  [1m[36mBrewery Load (0.1ms)[0m  [1mSELECT  "breweries".* FROM "breweries"  WHERE "breweries"."id" = ? LIMIT 1[0m  [["id", 3]]
  [1m[35mCACHE (0.0ms)[0m  SELECT  "breweries".* FROM "breweries"  WHERE "breweries"."id" = ? LIMIT 1  [["id", 3]]
  [1m[36mCACHE (0.0ms)[0m  [1mSELECT  "breweries".* FROM "breweries"  WHERE "breweries"."id" = ? LIMIT 1[0m  [["id", 3]]
  Rendered ratings/new.html.erb within layouts/application (12.4ms)
  [1m[35mUser Load (0.2ms)[0m  SELECT  "users".* FROM "users"  WHERE "users"."id" = ? LIMIT 1  [["id", 1]]
  [1m[36mCACHE (0.0ms)[0m  [1mSELECT  "users".* FROM "users"  WHERE "users"."id" = ? LIMIT 1[0m  [["id", 1]]
  [1m[35mCACHE (0.0ms)[0m  SELECT  "users".* FROM "users"  WHERE "users"."id" = ? LIMIT 1  [["id", 1]]
Completed 200 OK in 167ms (Views: 164.5ms | ActiveRecord: 1.2ms)


Started GET "/ratings" for 127.0.0.1 at 2015-02-03 18:03:31 +0200
Processing by RatingsController#index as HTML
  [1m[36mRating Load (0.3ms)[0m  [1mSELECT "ratings".* FROM "ratings"[0m
  [1m[35mBeer Load (0.1ms)[0m  SELECT  "beers".* FROM "beers"  WHERE "beers"."id" = ? LIMIT 1  [["id", 1]]
  [1m[36mUser Load (0.2ms)[0m  [1mSELECT  "users".* FROM "users"  WHERE "users"."id" = ? LIMIT 1[0m  [["id", 1]]
  [1m[35mUser Load (0.2ms)[0m  SELECT  "users".* FROM "users"  WHERE "users"."id" = ? LIMIT 1  [["id", 1]]
  Rendered ratings/index.html.erb within layouts/application (5.0ms)
  [1m[36mCACHE (0.0ms)[0m  [1mSELECT  "users".* FROM "users"  WHERE "users"."id" = ? LIMIT 1[0m  [["id", 1]]
  [1m[35mCACHE (0.0ms)[0m  SELECT  "users".* FROM "users"  WHERE "users"."id" = ? LIMIT 1  [["id", 1]]
  [1m[36mCACHE (0.0ms)[0m  [1mSELECT  "users".* FROM "users"  WHERE "users"."id" = ? LIMIT 1[0m  [["id", 1]]
Completed 200 OK in 166ms (Views: 164.0ms | ActiveRecord: 0.8ms)


Started GET "/users" for 127.0.0.1 at 2015-02-03 18:08:25 +0200
  [1m[36mActiveRecord::SchemaMigration Load (0.3ms)[0m  [1mSELECT "schema_migrations".* FROM "schema_migrations"[0m
Processing by UsersController#index as HTML
  [1m[35mUser Load (0.3ms)[0m  SELECT "users".* FROM "users"
  Rendered users/index.html.erb within layouts/application (12.2ms)
  [1m[36mUser Load (0.4ms)[0m  [1mSELECT  "users".* FROM "users"  WHERE "users"."id" = ? LIMIT 1[0m  [["id", 1]]
  [1m[35mCACHE (0.0ms)[0m  SELECT  "users".* FROM "users"  WHERE "users"."id" = ? LIMIT 1  [["id", 1]]
  [1m[36mCACHE (0.0ms)[0m  [1mSELECT  "users".* FROM "users"  WHERE "users"."id" = ? LIMIT 1[0m  [["id", 1]]
Completed 200 OK in 302ms (Views: 266.1ms | ActiveRecord: 1.5ms)


Started GET "/users" for 127.0.0.1 at 2015-02-03 18:08:26 +0200
Processing by UsersController#index as HTML
  [1m[35mUser Load (0.3ms)[0m  SELECT "users".* FROM "users"
  Rendered users/index.html.erb within layouts/application (1.7ms)
  [1m[36mUser Load (0.2ms)[0m  [1mSELECT  "users".* FROM "users"  WHERE "users"."id" = ? LIMIT 1[0m  [["id", 1]]
  [1m[35mCACHE (0.0ms)[0m  SELECT  "users".* FROM "users"  WHERE "users"."id" = ? LIMIT 1  [["id", 1]]
  [1m[36mCACHE (0.0ms)[0m  [1mSELECT  "users".* FROM "users"  WHERE "users"."id" = ? LIMIT 1[0m  [["id", 1]]
Completed 200 OK in 154ms (Views: 153.0ms | ActiveRecord: 0.5ms)


Started GET "/users/1" for 127.0.0.1 at 2015-02-03 18:08:30 +0200
Processing by UsersController#show as HTML
  Parameters: {"id"=>"1"}
  [1m[35mUser Load (0.2ms)[0m  SELECT  "users".* FROM "users"  WHERE "users"."id" = ? LIMIT 1  [["id", 1]]
  [1m[36mRating Exists (0.3ms)[0m  [1mSELECT  1 AS one FROM "ratings"  WHERE "ratings"."user_id" = ? LIMIT 1[0m  [["user_id", 1]]
  [1m[35m (0.3ms)[0m  SELECT COUNT(*) FROM "ratings"  WHERE "ratings"."user_id" = ?  [["user_id", 1]]
  [1m[36mRating Load (0.3ms)[0m  [1mSELECT "ratings".* FROM "ratings"  WHERE "ratings"."user_id" = ?[0m  [["user_id", 1]]
  [1m[35mCACHE (0.0ms)[0m  SELECT COUNT(*) FROM "ratings"  WHERE "ratings"."user_id" = ?  [["user_id", 1]]
  [1m[36mBeerClub Exists (0.4ms)[0m  [1mSELECT  1 AS one FROM "beer_clubs" INNER JOIN "memberships" ON "beer_clubs"."id" = "memberships"."beer_club_id" WHERE "memberships"."user_id" = ? LIMIT 1[0m  [["user_id", 1]]
  [1m[35mBeer Load (0.3ms)[0m  SELECT  "beers".* FROM "beers"  WHERE "beers"."id" = ? LIMIT 1  [["id", 1]]
  [1m[36mUser Load (0.2ms)[0m  [1mSELECT  "users".* FROM "users"  WHERE "users"."id" = ? LIMIT 1[0m  [["id", 1]]
  [1m[35mCACHE (0.0ms)[0m  SELECT  "users".* FROM "users"  WHERE "users"."id" = ? LIMIT 1  [["id", 1]]
  Rendered users/show.html.erb within layouts/application (104.8ms)
  [1m[36mCACHE (0.0ms)[0m  [1mSELECT  "users".* FROM "users"  WHERE "users"."id" = ? LIMIT 1[0m  [["id", 1]]
  [1m[35mCACHE (0.0ms)[0m  SELECT  "users".* FROM "users"  WHERE "users"."id" = ? LIMIT 1  [["id", 1]]
  [1m[36mCACHE (0.0ms)[0m  [1mSELECT  "users".* FROM "users"  WHERE "users"."id" = ? LIMIT 1[0m  [["id", 1]]
Completed 200 OK in 289ms (Views: 282.3ms | ActiveRecord: 4.4ms)


Started GET "/ratings" for 127.0.0.1 at 2015-02-03 19:24:22 +0200
  [1m[36mActiveRecord::SchemaMigration Load (0.3ms)[0m  [1mSELECT "schema_migrations".* FROM "schema_migrations"[0m
Processing by RatingsController#index as HTML
  [1m[35m (0.2ms)[0m  SELECT COUNT(*) FROM "ratings"
  [1m[36mRating Load (0.3ms)[0m  [1mSELECT "ratings".* FROM "ratings"[0m
  [1m[35mBeer Load (0.4ms)[0m  SELECT  "beers".* FROM "beers"  WHERE "beers"."id" = ? LIMIT 1  [["id", 1]]
  [1m[36mUser Load (0.3ms)[0m  [1mSELECT  "users".* FROM "users"  WHERE "users"."id" = ? LIMIT 1[0m  [["id", 1]]
  [1m[35mUser Load (0.2ms)[0m  SELECT  "users".* FROM "users"  WHERE "users"."id" = ? LIMIT 1  [["id", 1]]
  Rendered ratings/index.html.erb within layouts/application (86.4ms)
  [1m[36mCACHE (0.0ms)[0m  [1mSELECT  "users".* FROM "users"  WHERE "users"."id" = ? LIMIT 1[0m  [["id", 1]]
  [1m[35mCACHE (0.0ms)[0m  SELECT  "users".* FROM "users"  WHERE "users"."id" = ? LIMIT 1  [["id", 1]]
  [1m[36mCACHE (0.0ms)[0m  [1mSELECT  "users".* FROM "users"  WHERE "users"."id" = ? LIMIT 1[0m  [["id", 1]]
Completed 200 OK in 349ms (Views: 319.6ms | ActiveRecord: 3.4ms)


Started GET "/ratings" for 127.0.0.1 at 2015-02-03 19:24:23 +0200
Processing by RatingsController#index as HTML
  [1m[35m (1.0ms)[0m  SELECT COUNT(*) FROM "ratings"
  [1m[36mRating Load (0.2ms)[0m  [1mSELECT "ratings".* FROM "ratings"[0m
  [1m[35mBeer Load (0.2ms)[0m  SELECT  "beers".* FROM "beers"  WHERE "beers"."id" = ? LIMIT 1  [["id", 1]]
  [1m[36mUser Load (0.2ms)[0m  [1mSELECT  "users".* FROM "users"  WHERE "users"."id" = ? LIMIT 1[0m  [["id", 1]]
  [1m[35mUser Load (0.1ms)[0m  SELECT  "users".* FROM "users"  WHERE "users"."id" = ? LIMIT 1  [["id", 1]]
  Rendered ratings/index.html.erb within layouts/application (7.1ms)
  [1m[36mCACHE (0.0ms)[0m  [1mSELECT  "users".* FROM "users"  WHERE "users"."id" = ? LIMIT 1[0m  [["id", 1]]
  [1m[35mCACHE (0.0ms)[0m  SELECT  "users".* FROM "users"  WHERE "users"."id" = ? LIMIT 1  [["id", 1]]
  [1m[36mCACHE (0.0ms)[0m  [1mSELECT  "users".* FROM "users"  WHERE "users"."id" = ? LIMIT 1[0m  [["id", 1]]
Completed 200 OK in 161ms (Views: 157.6ms | ActiveRecord: 1.8ms)


Started GET "/users/1" for 127.0.0.1 at 2015-02-03 19:24:28 +0200
Processing by UsersController#show as HTML
  Parameters: {"id"=>"1"}
  [1m[35mUser Load (0.2ms)[0m  SELECT  "users".* FROM "users"  WHERE "users"."id" = ? LIMIT 1  [["id", 1]]
  [1m[36mRating Exists (0.3ms)[0m  [1mSELECT  1 AS one FROM "ratings"  WHERE "ratings"."user_id" = ? LIMIT 1[0m  [["user_id", 1]]
  [1m[35mRating Load (0.3ms)[0m  SELECT  "ratings".* FROM "ratings"  WHERE "ratings"."user_id" = ?  ORDER BY "ratings"."score" DESC LIMIT 1  [["user_id", 1]]
  [1m[36mBeer Load (0.1ms)[0m  [1mSELECT  "beers".* FROM "beers"  WHERE "beers"."id" = ? LIMIT 1[0m  [["id", 1]]
  [1m[35mCACHE (0.0ms)[0m  SELECT  1 AS one FROM "ratings"  WHERE "ratings"."user_id" = ? LIMIT 1  [["user_id", 1]]
  [1m[36mCACHE (0.0ms)[0m  [1mSELECT  "ratings".* FROM "ratings"  WHERE "ratings"."user_id" = ?  ORDER BY "ratings"."score" DESC LIMIT 1[0m  [["user_id", 1]]
  [1m[35mCACHE (0.0ms)[0m  SELECT  "beers".* FROM "beers"  WHERE "beers"."id" = ? LIMIT 1  [["id", 1]]
  [1m[36mBrewery Load (0.4ms)[0m  [1mSELECT  "breweries".* FROM "breweries"  WHERE "breweries"."id" = ? LIMIT 1[0m  [["id", 1]]
  [1m[35mCACHE (0.0ms)[0m  SELECT  1 AS one FROM "ratings"  WHERE "ratings"."user_id" = ? LIMIT 1  [["user_id", 1]]
  [1m[36m (0.4ms)[0m  [1mSELECT COUNT(*) FROM "ratings"  WHERE "ratings"."user_id" = ?[0m  [["user_id", 1]]
  [1m[35mRating Load (0.3ms)[0m  SELECT "ratings".* FROM "ratings"  WHERE "ratings"."user_id" = ?  [["user_id", 1]]
  [1m[36mCACHE (0.0ms)[0m  [1mSELECT COUNT(*) FROM "ratings"  WHERE "ratings"."user_id" = ?[0m  [["user_id", 1]]
  [1m[35mBeerClub Exists (0.3ms)[0m  SELECT  1 AS one FROM "beer_clubs" INNER JOIN "memberships" ON "beer_clubs"."id" = "memberships"."beer_club_id" WHERE "memberships"."user_id" = ? LIMIT 1  [["user_id", 1]]
  [1m[36mCACHE (0.0ms)[0m  [1mSELECT  "beers".* FROM "beers"  WHERE "beers"."id" = ? LIMIT 1[0m  [["id", 1]]
  [1m[35mUser Load (0.2ms)[0m  SELECT  "users".* FROM "users"  WHERE "users"."id" = ? LIMIT 1  [["id", 1]]
  [1m[36mCACHE (0.0ms)[0m  [1mSELECT  "users".* FROM "users"  WHERE "users"."id" = ? LIMIT 1[0m  [["id", 1]]
  Rendered users/show.html.erb within layouts/application (83.0ms)
  [1m[35mCACHE (0.0ms)[0m  SELECT  "users".* FROM "users"  WHERE "users"."id" = ? LIMIT 1  [["id", 1]]
  [1m[36mCACHE (0.0ms)[0m  [1mSELECT  "users".* FROM "users"  WHERE "users"."id" = ? LIMIT 1[0m  [["id", 1]]
  [1m[35mCACHE (0.0ms)[0m  SELECT  "users".* FROM "users"  WHERE "users"."id" = ? LIMIT 1  [["id", 1]]
Completed 200 OK in 258ms (Views: 251.5ms | ActiveRecord: 4.5ms)


Started GET "/users" for 127.0.0.1 at 2015-02-03 19:24:37 +0200
Processing by UsersController#index as HTML
  [1m[36mUser Load (0.3ms)[0m  [1mSELECT "users".* FROM "users"[0m
  Rendered users/index.html.erb within layouts/application (3.1ms)
  [1m[35mUser Load (0.2ms)[0m  SELECT  "users".* FROM "users"  WHERE "users"."id" = ? LIMIT 1  [["id", 1]]
  [1m[36mCACHE (0.0ms)[0m  [1mSELECT  "users".* FROM "users"  WHERE "users"."id" = ? LIMIT 1[0m  [["id", 1]]
  [1m[35mCACHE (0.0ms)[0m  SELECT  "users".* FROM "users"  WHERE "users"."id" = ? LIMIT 1  [["id", 1]]
Completed 200 OK in 252ms (Views: 249.9ms | ActiveRecord: 0.6ms)


Started GET "/users/1" for 127.0.0.1 at 2015-02-03 19:24:38 +0200
Processing by UsersController#show as HTML
  Parameters: {"id"=>"1"}
  [1m[36mUser Load (0.2ms)[0m  [1mSELECT  "users".* FROM "users"  WHERE "users"."id" = ? LIMIT 1[0m  [["id", 1]]
  [1m[35mRating Exists (0.2ms)[0m  SELECT  1 AS one FROM "ratings"  WHERE "ratings"."user_id" = ? LIMIT 1  [["user_id", 1]]
  [1m[36mRating Load (0.2ms)[0m  [1mSELECT  "ratings".* FROM "ratings"  WHERE "ratings"."user_id" = ?  ORDER BY "ratings"."score" DESC LIMIT 1[0m  [["user_id", 1]]
  [1m[35mBeer Load (0.2ms)[0m  SELECT  "beers".* FROM "beers"  WHERE "beers"."id" = ? LIMIT 1  [["id", 1]]
  [1m[36mCACHE (0.0ms)[0m  [1mSELECT  1 AS one FROM "ratings"  WHERE "ratings"."user_id" = ? LIMIT 1[0m  [["user_id", 1]]
  [1m[35mCACHE (0.0ms)[0m  SELECT  "ratings".* FROM "ratings"  WHERE "ratings"."user_id" = ?  ORDER BY "ratings"."score" DESC LIMIT 1  [["user_id", 1]]
  [1m[36mCACHE (0.0ms)[0m  [1mSELECT  "beers".* FROM "beers"  WHERE "beers"."id" = ? LIMIT 1[0m  [["id", 1]]
  [1m[35mBrewery Load (0.2ms)[0m  SELECT  "breweries".* FROM "breweries"  WHERE "breweries"."id" = ? LIMIT 1  [["id", 1]]
  [1m[36mCACHE (0.0ms)[0m  [1mSELECT  1 AS one FROM "ratings"  WHERE "ratings"."user_id" = ? LIMIT 1[0m  [["user_id", 1]]
  [1m[35m (0.2ms)[0m  SELECT COUNT(*) FROM "ratings"  WHERE "ratings"."user_id" = ?  [["user_id", 1]]
  [1m[36mRating Load (0.5ms)[0m  [1mSELECT "ratings".* FROM "ratings"  WHERE "ratings"."user_id" = ?[0m  [["user_id", 1]]
  [1m[35mCACHE (0.0ms)[0m  SELECT COUNT(*) FROM "ratings"  WHERE "ratings"."user_id" = ?  [["user_id", 1]]
  [1m[36mBeerClub Exists (0.2ms)[0m  [1mSELECT  1 AS one FROM "beer_clubs" INNER JOIN "memberships" ON "beer_clubs"."id" = "memberships"."beer_club_id" WHERE "memberships"."user_id" = ? LIMIT 1[0m  [["user_id", 1]]
  [1m[35mCACHE (0.0ms)[0m  SELECT  "beers".* FROM "beers"  WHERE "beers"."id" = ? LIMIT 1  [["id", 1]]
  [1m[36mUser Load (0.2ms)[0m  [1mSELECT  "users".* FROM "users"  WHERE "users"."id" = ? LIMIT 1[0m  [["id", 1]]
  [1m[35mCACHE (0.0ms)[0m  SELECT  "users".* FROM "users"  WHERE "users"."id" = ? LIMIT 1  [["id", 1]]
  Rendered users/show.html.erb within layouts/application (22.8ms)
  [1m[36mCACHE (0.0ms)[0m  [1mSELECT  "users".* FROM "users"  WHERE "users"."id" = ? LIMIT 1[0m  [["id", 1]]
  [1m[35mCACHE (0.0ms)[0m  SELECT  "users".* FROM "users"  WHERE "users"."id" = ? LIMIT 1  [["id", 1]]
  [1m[36mCACHE (0.0ms)[0m  [1mSELECT  "users".* FROM "users"  WHERE "users"."id" = ? LIMIT 1[0m  [["id", 1]]
Completed 200 OK in 206ms (Views: 200.9ms | ActiveRecord: 2.2ms)


Started GET "/users/1" for 127.0.0.1 at 2015-02-03 19:24:58 +0200
Processing by UsersController#show as HTML
  Parameters: {"id"=>"1"}
  [1m[35mUser Load (0.2ms)[0m  SELECT  "users".* FROM "users"  WHERE "users"."id" = ? LIMIT 1  [["id", 1]]
  [1m[36mRating Exists (4.6ms)[0m  [1mSELECT  1 AS one FROM "ratings"  WHERE "ratings"."user_id" = ? LIMIT 1[0m  [["user_id", 1]]
  [1m[35mRating Load (0.2ms)[0m  SELECT  "ratings".* FROM "ratings"  WHERE "ratings"."user_id" = ?  ORDER BY "ratings"."score" DESC LIMIT 1  [["user_id", 1]]
  [1m[36mBeer Load (0.2ms)[0m  [1mSELECT  "beers".* FROM "beers"  WHERE "beers"."id" = ? LIMIT 1[0m  [["id", 1]]
  [1m[35mCACHE (0.0ms)[0m  SELECT  1 AS one FROM "ratings"  WHERE "ratings"."user_id" = ? LIMIT 1  [["user_id", 1]]
  [1m[36mCACHE (0.0ms)[0m  [1mSELECT  "ratings".* FROM "ratings"  WHERE "ratings"."user_id" = ?  ORDER BY "ratings"."score" DESC LIMIT 1[0m  [["user_id", 1]]
  [1m[35mCACHE (0.0ms)[0m  SELECT  "beers".* FROM "beers"  WHERE "beers"."id" = ? LIMIT 1  [["id", 1]]
  [1m[36mBrewery Load (0.2ms)[0m  [1mSELECT  "breweries".* FROM "breweries"  WHERE "breweries"."id" = ? LIMIT 1[0m  [["id", 1]]
  [1m[35mCACHE (0.0ms)[0m  SELECT  1 AS one FROM "ratings"  WHERE "ratings"."user_id" = ? LIMIT 1  [["user_id", 1]]
  [1m[36m (0.2ms)[0m  [1mSELECT COUNT(*) FROM "ratings"  WHERE "ratings"."user_id" = ?[0m  [["user_id", 1]]
  [1m[35mRating Load (0.2ms)[0m  SELECT "ratings".* FROM "ratings"  WHERE "ratings"."user_id" = ?  [["user_id", 1]]
  [1m[36mCACHE (0.4ms)[0m  [1mSELECT COUNT(*) FROM "ratings"  WHERE "ratings"."user_id" = ?[0m  [["user_id", 1]]
  [1m[35mBeerClub Exists (0.2ms)[0m  SELECT  1 AS one FROM "beer_clubs" INNER JOIN "memberships" ON "beer_clubs"."id" = "memberships"."beer_club_id" WHERE "memberships"."user_id" = ? LIMIT 1  [["user_id", 1]]
  [1m[36mCACHE (0.0ms)[0m  [1mSELECT  "beers".* FROM "beers"  WHERE "beers"."id" = ? LIMIT 1[0m  [["id", 1]]
  [1m[35mUser Load (0.2ms)[0m  SELECT  "users".* FROM "users"  WHERE "users"."id" = ? LIMIT 1  [["id", 1]]
  [1m[36mCACHE (0.0ms)[0m  [1mSELECT  "users".* FROM "users"  WHERE "users"."id" = ? LIMIT 1[0m  [["id", 1]]
  Rendered users/show.html.erb within layouts/application (53.5ms)
  [1m[35mCACHE (0.0ms)[0m  SELECT  "users".* FROM "users"  WHERE "users"."id" = ? LIMIT 1  [["id", 1]]
  [1m[36mCACHE (0.0ms)[0m  [1mSELECT  "users".* FROM "users"  WHERE "users"."id" = ? LIMIT 1[0m  [["id", 1]]
  [1m[35mCACHE (0.0ms)[0m  SELECT  "users".* FROM "users"  WHERE "users"."id" = ? LIMIT 1  [["id", 1]]
Completed 200 OK in 336ms (Views: 321.3ms | ActiveRecord: 6.8ms)


Started GET "/assets/beer_clubs.css?body=1" for 127.0.0.1 at 2015-02-03 19:24:59 +0200


Started GET "/assets/beers.css?body=1" for 127.0.0.1 at 2015-02-03 19:24:59 +0200


Started GET "/assets/breweries.css?body=1" for 127.0.0.1 at 2015-02-03 19:24:59 +0200


Started GET "/assets/memberships.css?body=1" for 127.0.0.1 at 2015-02-03 19:24:59 +0200


Started GET "/assets/scaffolds.css?body=1" for 127.0.0.1 at 2015-02-03 19:24:59 +0200


Started GET "/assets/users.css?body=1" for 127.0.0.1 at 2015-02-03 19:24:59 +0200


Started GET "/assets/application.css?body=1" for 127.0.0.1 at 2015-02-03 19:24:59 +0200


Started GET "/assets/jquery.js?body=1" for 127.0.0.1 at 2015-02-03 19:24:59 +0200


Started GET "/assets/jquery_ujs.js?body=1" for 127.0.0.1 at 2015-02-03 19:24:59 +0200


Started GET "/assets/beers.js?body=1" for 127.0.0.1 at 2015-02-03 19:24:59 +0200


Started GET "/assets/turbolinks.js?body=1" for 127.0.0.1 at 2015-02-03 19:24:59 +0200


Started GET "/assets/beer_clubs.js?body=1" for 127.0.0.1 at 2015-02-03 19:24:59 +0200


Started GET "/assets/breweries.js?body=1" for 127.0.0.1 at 2015-02-03 19:24:59 +0200


Started GET "/assets/memberships.js?body=1" for 127.0.0.1 at 2015-02-03 19:24:59 +0200


Started GET "/assets/users.js?body=1" for 127.0.0.1 at 2015-02-03 19:24:59 +0200


Started GET "/assets/application.js?body=1" for 127.0.0.1 at 2015-02-03 19:24:59 +0200


Started GET "/users/1" for 127.0.0.1 at 2015-02-03 19:26:46 +0200
Processing by UsersController#show as HTML
  Parameters: {"id"=>"1"}
  [1m[36mUser Load (0.2ms)[0m  [1mSELECT  "users".* FROM "users"  WHERE "users"."id" = ? LIMIT 1[0m  [["id", 1]]
  [1m[35mRating Exists (2.5ms)[0m  SELECT  1 AS one FROM "ratings"  WHERE "ratings"."user_id" = ? LIMIT 1  [["user_id", 1]]
  [1m[36mRating Load (0.3ms)[0m  [1mSELECT  "ratings".* FROM "ratings"  WHERE "ratings"."user_id" = ?  ORDER BY "ratings"."score" DESC LIMIT 1[0m  [["user_id", 1]]
  [1m[35mBeer Load (0.3ms)[0m  SELECT  "beers".* FROM "beers"  WHERE "beers"."id" = ? LIMIT 1  [["id", 1]]
  [1m[36mCACHE (0.0ms)[0m  [1mSELECT  1 AS one FROM "ratings"  WHERE "ratings"."user_id" = ? LIMIT 1[0m  [["user_id", 1]]
  [1m[35mCACHE (0.0ms)[0m  SELECT  "ratings".* FROM "ratings"  WHERE "ratings"."user_id" = ?  ORDER BY "ratings"."score" DESC LIMIT 1  [["user_id", 1]]
  [1m[36mCACHE (0.0ms)[0m  [1mSELECT  "beers".* FROM "beers"  WHERE "beers"."id" = ? LIMIT 1[0m  [["id", 1]]
  [1m[35mBrewery Load (0.8ms)[0m  SELECT  "breweries".* FROM "breweries"  WHERE "breweries"."id" = ? LIMIT 1  [["id", 1]]
  [1m[36mCACHE (0.0ms)[0m  [1mSELECT  1 AS one FROM "ratings"  WHERE "ratings"."user_id" = ? LIMIT 1[0m  [["user_id", 1]]
  [1m[35m (0.2ms)[0m  SELECT COUNT(*) FROM "ratings"  WHERE "ratings"."user_id" = ?  [["user_id", 1]]
  [1m[36mRating Load (0.2ms)[0m  [1mSELECT "ratings".* FROM "ratings"  WHERE "ratings"."user_id" = ?[0m  [["user_id", 1]]
  [1m[35mCACHE (0.0ms)[0m  SELECT COUNT(*) FROM "ratings"  WHERE "ratings"."user_id" = ?  [["user_id", 1]]
  [1m[36mBeerClub Exists (0.2ms)[0m  [1mSELECT  1 AS one FROM "beer_clubs" INNER JOIN "memberships" ON "beer_clubs"."id" = "memberships"."beer_club_id" WHERE "memberships"."user_id" = ? LIMIT 1[0m  [["user_id", 1]]
  [1m[35mCACHE (0.0ms)[0m  SELECT  "beers".* FROM "beers"  WHERE "beers"."id" = ? LIMIT 1  [["id", 1]]
  [1m[36mUser Load (0.2ms)[0m  [1mSELECT  "users".* FROM "users"  WHERE "users"."id" = ? LIMIT 1[0m  [["id", 1]]
  [1m[35mCACHE (0.0ms)[0m  SELECT  "users".* FROM "users"  WHERE "users"."id" = ? LIMIT 1  [["id", 1]]
  Rendered users/show.html.erb within layouts/application (49.2ms)
  [1m[36mCACHE (0.0ms)[0m  [1mSELECT  "users".* FROM "users"  WHERE "users"."id" = ? LIMIT 1[0m  [["id", 1]]
  [1m[35mCACHE (0.0ms)[0m  SELECT  "users".* FROM "users"  WHERE "users"."id" = ? LIMIT 1  [["id", 1]]
  [1m[36mCACHE (0.0ms)[0m  [1mSELECT  "users".* FROM "users"  WHERE "users"."id" = ? LIMIT 1[0m  [["id", 1]]
Completed 200 OK in 269ms (Views: 258.6ms | ActiveRecord: 5.1ms)


Started GET "/assets/beer_clubs.css?body=1" for 127.0.0.1 at 2015-02-03 19:26:46 +0200


Started GET "/assets/beers.css?body=1" for 127.0.0.1 at 2015-02-03 19:26:46 +0200


Started GET "/assets/users.css?body=1" for 127.0.0.1 at 2015-02-03 19:26:46 +0200


Started GET "/assets/scaffolds.css?body=1" for 127.0.0.1 at 2015-02-03 19:26:46 +0200


Started GET "/assets/breweries.css?body=1" for 127.0.0.1 at 2015-02-03 19:26:46 +0200


Started GET "/assets/memberships.css?body=1" for 127.0.0.1 at 2015-02-03 19:26:46 +0200


Started GET "/assets/application.css?body=1" for 127.0.0.1 at 2015-02-03 19:26:47 +0200


Started GET "/assets/jquery.js?body=1" for 127.0.0.1 at 2015-02-03 19:26:47 +0200


Started GET "/assets/beers.js?body=1" for 127.0.0.1 at 2015-02-03 19:26:47 +0200


Started GET "/assets/turbolinks.js?body=1" for 127.0.0.1 at 2015-02-03 19:26:47 +0200


Started GET "/assets/jquery_ujs.js?body=1" for 127.0.0.1 at 2015-02-03 19:26:47 +0200


Started GET "/assets/beer_clubs.js?body=1" for 127.0.0.1 at 2015-02-03 19:26:47 +0200


Started GET "/assets/breweries.js?body=1" for 127.0.0.1 at 2015-02-03 19:26:47 +0200


Started GET "/assets/memberships.js?body=1" for 127.0.0.1 at 2015-02-03 19:26:47 +0200


Started GET "/assets/users.js?body=1" for 127.0.0.1 at 2015-02-03 19:26:47 +0200


Started GET "/assets/application.js?body=1" for 127.0.0.1 at 2015-02-03 19:26:47 +0200


Started GET "/users/1" for 127.0.0.1 at 2015-02-03 19:29:53 +0200
Processing by UsersController#show as HTML
  Parameters: {"id"=>"1"}
  [1m[35mUser Load (0.2ms)[0m  SELECT  "users".* FROM "users"  WHERE "users"."id" = ? LIMIT 1  [["id", 1]]
  [1m[36mRating Exists (0.2ms)[0m  [1mSELECT  1 AS one FROM "ratings"  WHERE "ratings"."user_id" = ? LIMIT 1[0m  [["user_id", 1]]
  [1m[35mRating Load (0.2ms)[0m  SELECT  "ratings".* FROM "ratings"  WHERE "ratings"."user_id" = ?  ORDER BY "ratings"."score" DESC LIMIT 1  [["user_id", 1]]
  [1m[36mBeer Load (0.1ms)[0m  [1mSELECT  "beers".* FROM "beers"  WHERE "beers"."id" = ? LIMIT 1[0m  [["id", 1]]
  [1m[35mCACHE (0.0ms)[0m  SELECT  1 AS one FROM "ratings"  WHERE "ratings"."user_id" = ? LIMIT 1  [["user_id", 1]]
  [1m[36mCACHE (0.0ms)[0m  [1mSELECT  "ratings".* FROM "ratings"  WHERE "ratings"."user_id" = ?  ORDER BY "ratings"."score" DESC LIMIT 1[0m  [["user_id", 1]]
  [1m[35mCACHE (0.0ms)[0m  SELECT  "beers".* FROM "beers"  WHERE "beers"."id" = ? LIMIT 1  [["id", 1]]
  [1m[36mBrewery Load (0.2ms)[0m  [1mSELECT  "breweries".* FROM "breweries"  WHERE "breweries"."id" = ? LIMIT 1[0m  [["id", 1]]
  [1m[35mCACHE (0.0ms)[0m  SELECT  1 AS one FROM "ratings"  WHERE "ratings"."user_id" = ? LIMIT 1  [["user_id", 1]]
  [1m[36m (0.2ms)[0m  [1mSELECT COUNT(*) FROM "ratings"  WHERE "ratings"."user_id" = ?[0m  [["user_id", 1]]
  [1m[35mRating Load (0.1ms)[0m  SELECT "ratings".* FROM "ratings"  WHERE "ratings"."user_id" = ?  [["user_id", 1]]
  [1m[36mCACHE (0.0ms)[0m  [1mSELECT COUNT(*) FROM "ratings"  WHERE "ratings"."user_id" = ?[0m  [["user_id", 1]]
  [1m[35mBeerClub Exists (0.2ms)[0m  SELECT  1 AS one FROM "beer_clubs" INNER JOIN "memberships" ON "beer_clubs"."id" = "memberships"."beer_club_id" WHERE "memberships"."user_id" = ? LIMIT 1  [["user_id", 1]]
  [1m[36mCACHE (0.0ms)[0m  [1mSELECT  "beers".* FROM "beers"  WHERE "beers"."id" = ? LIMIT 1[0m  [["id", 1]]
  [1m[35mUser Load (0.2ms)[0m  SELECT  "users".* FROM "users"  WHERE "users"."id" = ? LIMIT 1  [["id", 1]]
  [1m[36mCACHE (0.0ms)[0m  [1mSELECT  "users".* FROM "users"  WHERE "users"."id" = ? LIMIT 1[0m  [["id", 1]]
  Rendered users/show.html.erb within layouts/application (23.7ms)
  [1m[35mCACHE (0.0ms)[0m  SELECT  "users".* FROM "users"  WHERE "users"."id" = ? LIMIT 1  [["id", 1]]
  [1m[36mCACHE (0.0ms)[0m  [1mSELECT  "users".* FROM "users"  WHERE "users"."id" = ? LIMIT 1[0m  [["id", 1]]
  [1m[35mCACHE (0.0ms)[0m  SELECT  "users".* FROM "users"  WHERE "users"."id" = ? LIMIT 1  [["id", 1]]
Completed 200 OK in 183ms (Views: 178.5ms | ActiveRecord: 1.9ms)


Started GET "/assets/beer_clubs.css?body=1" for 127.0.0.1 at 2015-02-03 19:29:53 +0200


Started GET "/assets/beers.css?body=1" for 127.0.0.1 at 2015-02-03 19:29:53 +0200


Started GET "/assets/breweries.css?body=1" for 127.0.0.1 at 2015-02-03 19:29:53 +0200


Started GET "/assets/memberships.css?body=1" for 127.0.0.1 at 2015-02-03 19:29:53 +0200


Started GET "/assets/users.css?body=1" for 127.0.0.1 at 2015-02-03 19:29:54 +0200


Started GET "/assets/application.css?body=1" for 127.0.0.1 at 2015-02-03 19:29:54 +0200


Started GET "/assets/jquery.js?body=1" for 127.0.0.1 at 2015-02-03 19:29:54 +0200


Started GET "/assets/scaffolds.css?body=1" for 127.0.0.1 at 2015-02-03 19:29:54 +0200


Started GET "/assets/jquery_ujs.js?body=1" for 127.0.0.1 at 2015-02-03 19:29:54 +0200


Started GET "/assets/turbolinks.js?body=1" for 127.0.0.1 at 2015-02-03 19:29:54 +0200


Started GET "/assets/beer_clubs.js?body=1" for 127.0.0.1 at 2015-02-03 19:29:54 +0200


Started GET "/assets/breweries.js?body=1" for 127.0.0.1 at 2015-02-03 19:29:54 +0200


Started GET "/assets/beers.js?body=1" for 127.0.0.1 at 2015-02-03 19:29:54 +0200


Started GET "/assets/memberships.js?body=1" for 127.0.0.1 at 2015-02-03 19:29:54 +0200


Started GET "/assets/users.js?body=1" for 127.0.0.1 at 2015-02-03 19:29:54 +0200


Started GET "/assets/application.js?body=1" for 127.0.0.1 at 2015-02-03 19:29:54 +0200


Started GET "/users/1" for 127.0.0.1 at 2015-02-03 19:30:35 +0200
Processing by UsersController#show as HTML
  Parameters: {"id"=>"1"}
  [1m[36mUser Load (0.2ms)[0m  [1mSELECT  "users".* FROM "users"  WHERE "users"."id" = ? LIMIT 1[0m  [["id", 1]]
  [1m[35mRating Exists (0.2ms)[0m  SELECT  1 AS one FROM "ratings"  WHERE "ratings"."user_id" = ? LIMIT 1  [["user_id", 1]]
  [1m[36mRating Load (0.2ms)[0m  [1mSELECT  "ratings".* FROM "ratings"  WHERE "ratings"."user_id" = ?  ORDER BY "ratings"."score" DESC LIMIT 1[0m  [["user_id", 1]]
  [1m[35mBeer Load (0.1ms)[0m  SELECT  "beers".* FROM "beers"  WHERE "beers"."id" = ? LIMIT 1  [["id", 1]]
  [1m[36mCACHE (0.0ms)[0m  [1mSELECT  1 AS one FROM "ratings"  WHERE "ratings"."user_id" = ? LIMIT 1[0m  [["user_id", 1]]
  [1m[35mCACHE (0.0ms)[0m  SELECT  "ratings".* FROM "ratings"  WHERE "ratings"."user_id" = ?  ORDER BY "ratings"."score" DESC LIMIT 1  [["user_id", 1]]
  [1m[36mCACHE (0.0ms)[0m  [1mSELECT  "beers".* FROM "beers"  WHERE "beers"."id" = ? LIMIT 1[0m  [["id", 1]]
  [1m[35mCACHE (0.0ms)[0m  SELECT  1 AS one FROM "ratings"  WHERE "ratings"."user_id" = ? LIMIT 1  [["user_id", 1]]
  [1m[36mCACHE (0.0ms)[0m  [1mSELECT  "ratings".* FROM "ratings"  WHERE "ratings"."user_id" = ?  ORDER BY "ratings"."score" DESC LIMIT 1[0m  [["user_id", 1]]
  [1m[35mCACHE (0.0ms)[0m  SELECT  "beers".* FROM "beers"  WHERE "beers"."id" = ? LIMIT 1  [["id", 1]]
  [1m[36mBrewery Load (0.2ms)[0m  [1mSELECT  "breweries".* FROM "breweries"  WHERE "breweries"."id" = ? LIMIT 1[0m  [["id", 1]]
  [1m[35mCACHE (0.0ms)[0m  SELECT  1 AS one FROM "ratings"  WHERE "ratings"."user_id" = ? LIMIT 1  [["user_id", 1]]
  [1m[36mCACHE (0.0ms)[0m  [1mSELECT  "ratings".* FROM "ratings"  WHERE "ratings"."user_id" = ?  ORDER BY "ratings"."score" DESC LIMIT 1[0m  [["user_id", 1]]
  [1m[35mCACHE (0.1ms)[0m  SELECT  "beers".* FROM "beers"  WHERE "beers"."id" = ? LIMIT 1  [["id", 1]]
  [1m[36mCACHE (0.0ms)[0m  [1mSELECT  "breweries".* FROM "breweries"  WHERE "breweries"."id" = ? LIMIT 1[0m  [["id", 1]]
  [1m[35mCACHE (0.0ms)[0m  SELECT  1 AS one FROM "ratings"  WHERE "ratings"."user_id" = ? LIMIT 1  [["user_id", 1]]
  [1m[36m (0.2ms)[0m  [1mSELECT COUNT(*) FROM "ratings"  WHERE "ratings"."user_id" = ?[0m  [["user_id", 1]]
  [1m[35mRating Load (0.2ms)[0m  SELECT "ratings".* FROM "ratings"  WHERE "ratings"."user_id" = ?  [["user_id", 1]]
  [1m[36mCACHE (0.0ms)[0m  [1mSELECT COUNT(*) FROM "ratings"  WHERE "ratings"."user_id" = ?[0m  [["user_id", 1]]
  [1m[35mBeerClub Exists (0.1ms)[0m  SELECT  1 AS one FROM "beer_clubs" INNER JOIN "memberships" ON "beer_clubs"."id" = "memberships"."beer_club_id" WHERE "memberships"."user_id" = ? LIMIT 1  [["user_id", 1]]
  [1m[36mCACHE (0.0ms)[0m  [1mSELECT  "beers".* FROM "beers"  WHERE "beers"."id" = ? LIMIT 1[0m  [["id", 1]]
  [1m[35mUser Load (0.2ms)[0m  SELECT  "users".* FROM "users"  WHERE "users"."id" = ? LIMIT 1  [["id", 1]]
  [1m[36mCACHE (0.0ms)[0m  [1mSELECT  "users".* FROM "users"  WHERE "users"."id" = ? LIMIT 1[0m  [["id", 1]]
  Rendered users/show.html.erb within layouts/application (32.3ms)
  [1m[35mCACHE (0.0ms)[0m  SELECT  "users".* FROM "users"  WHERE "users"."id" = ? LIMIT 1  [["id", 1]]
  [1m[36mCACHE (0.0ms)[0m  [1mSELECT  "users".* FROM "users"  WHERE "users"."id" = ? LIMIT 1[0m  [["id", 1]]
  [1m[35mCACHE (0.0ms)[0m  SELECT  "users".* FROM "users"  WHERE "users"."id" = ? LIMIT 1  [["id", 1]]
Completed 200 OK in 206ms (Views: 201.2ms | ActiveRecord: 2.2ms)


Started GET "/assets/beer_clubs.css?body=1" for 127.0.0.1 at 2015-02-03 19:30:35 +0200


Started GET "/assets/memberships.css?body=1" for 127.0.0.1 at 2015-02-03 19:30:36 +0200


Started GET "/assets/scaffolds.css?body=1" for 127.0.0.1 at 2015-02-03 19:30:36 +0200


Started GET "/assets/breweries.css?body=1" for 127.0.0.1 at 2015-02-03 19:30:36 +0200


Started GET "/assets/beers.css?body=1" for 127.0.0.1 at 2015-02-03 19:30:36 +0200


Started GET "/assets/application.css?body=1" for 127.0.0.1 at 2015-02-03 19:30:36 +0200


Started GET "/assets/users.css?body=1" for 127.0.0.1 at 2015-02-03 19:30:36 +0200


Started GET "/assets/jquery.js?body=1" for 127.0.0.1 at 2015-02-03 19:30:36 +0200


Started GET "/assets/jquery_ujs.js?body=1" for 127.0.0.1 at 2015-02-03 19:30:36 +0200


Started GET "/assets/beer_clubs.js?body=1" for 127.0.0.1 at 2015-02-03 19:30:36 +0200


Started GET "/assets/turbolinks.js?body=1" for 127.0.0.1 at 2015-02-03 19:30:36 +0200


Started GET "/assets/beers.js?body=1" for 127.0.0.1 at 2015-02-03 19:30:36 +0200


Started GET "/assets/breweries.js?body=1" for 127.0.0.1 at 2015-02-03 19:30:36 +0200


Started GET "/assets/users.js?body=1" for 127.0.0.1 at 2015-02-03 19:30:36 +0200


Started GET "/assets/application.js?body=1" for 127.0.0.1 at 2015-02-03 19:30:36 +0200


Started GET "/assets/memberships.js?body=1" for 127.0.0.1 at 2015-02-03 19:30:36 +0200
  [1m[36mActiveRecord::SchemaMigration Load (0.3ms)[0m  [1mSELECT "schema_migrations".* FROM "schema_migrations"[0m
  [1m[35mActiveRecord::SchemaMigration Load (0.2ms)[0m  SELECT "schema_migrations".* FROM "schema_migrations"
